ARM GAS  C:\Users\tranm\AppData\Local\Temp\ccA9tvM1.s 			page 1


   1              		.cpu cortex-m4
   2              		.arch armv7e-m
   3              		.fpu fpv4-sp-d16
   4              		.eabi_attribute 27, 1
   5              		.eabi_attribute 28, 1
   6              		.eabi_attribute 20, 1
   7              		.eabi_attribute 21, 1
   8              		.eabi_attribute 23, 3
   9              		.eabi_attribute 24, 1
  10              		.eabi_attribute 25, 1
  11              		.eabi_attribute 26, 1
  12              		.eabi_attribute 30, 1
  13              		.eabi_attribute 34, 1
  14              		.eabi_attribute 18, 4
  15              		.file	"main.c"
  16              		.text
  17              	.Ltext0:
  18              		.cfi_sections	.debug_frame
  19              		.section	.text.MX_GPIO_Init,"ax",%progbits
  20              		.align	1
  21              		.syntax unified
  22              		.thumb
  23              		.thumb_func
  25              	MX_GPIO_Init:
  26              	.LFB139:
  27              		.file 1 "Core/Src/main.c"
   1:Core/Src/main.c **** /* USER CODE BEGIN Header */
   2:Core/Src/main.c **** /**
   3:Core/Src/main.c ****   ******************************************************************************
   4:Core/Src/main.c ****   * @file           : main.c
   5:Core/Src/main.c ****   * @brief          : Main program body
   6:Core/Src/main.c ****   ******************************************************************************
   7:Core/Src/main.c ****   * @attention
   8:Core/Src/main.c ****   *
   9:Core/Src/main.c ****   * Copyright (c) 2023 STMicroelectronics.
  10:Core/Src/main.c ****   * All rights reserved.
  11:Core/Src/main.c ****   *
  12:Core/Src/main.c ****   * This software is licensed under terms that can be found in the LICENSE file
  13:Core/Src/main.c ****   * in the root directory of this software component.
  14:Core/Src/main.c ****   * If no LICENSE file comes with this software, it is provided AS-IS.
  15:Core/Src/main.c ****   *
  16:Core/Src/main.c ****   ******************************************************************************
  17:Core/Src/main.c ****   */
  18:Core/Src/main.c **** /* USER CODE END Header */
  19:Core/Src/main.c **** /* Includes ------------------------------------------------------------------*/
  20:Core/Src/main.c **** #include "main.h"
  21:Core/Src/main.c **** 
  22:Core/Src/main.c **** /* Private includes ----------------------------------------------------------*/
  23:Core/Src/main.c **** /* USER CODE BEGIN Includes */
  24:Core/Src/main.c **** #include <stdio.h>
  25:Core/Src/main.c **** #include <string.h>
  26:Core/Src/main.c **** /* USER CODE END Includes */
  27:Core/Src/main.c **** 
  28:Core/Src/main.c **** /* Private typedef -----------------------------------------------------------*/
  29:Core/Src/main.c **** /* USER CODE BEGIN PTD */
  30:Core/Src/main.c **** 
  31:Core/Src/main.c **** /* USER CODE END PTD */
ARM GAS  C:\Users\tranm\AppData\Local\Temp\ccA9tvM1.s 			page 2


  32:Core/Src/main.c **** 
  33:Core/Src/main.c **** /* Private define ------------------------------------------------------------*/
  34:Core/Src/main.c **** /* USER CODE BEGIN PD */
  35:Core/Src/main.c **** // #define PWM
  36:Core/Src/main.c **** /* USER CODE END PD */
  37:Core/Src/main.c **** 
  38:Core/Src/main.c **** /* Private macro -------------------------------------------------------------*/
  39:Core/Src/main.c **** /* USER CODE BEGIN PM */
  40:Core/Src/main.c **** #define SPEED_OF_SOUND 0.0343 // cm/microseconds
  41:Core/Src/main.c **** #define MACHINE_CYCLE_LENGTH 0.00588 // 1/170 MHz = 5.88 ns = 0.00588 micros
  42:Core/Src/main.c **** #define TEN_MICROSECONDS 1700 - 1 // counter = desired_period / current_period
  43:Core/Src/main.c **** /* USER CODE END PM */
  44:Core/Src/main.c **** 
  45:Core/Src/main.c **** /* Private variables ---------------------------------------------------------*/
  46:Core/Src/main.c **** UART_HandleTypeDef hlpuart1;
  47:Core/Src/main.c **** 
  48:Core/Src/main.c **** TIM_HandleTypeDef htim2;
  49:Core/Src/main.c **** 
  50:Core/Src/main.c **** /* USER CODE BEGIN PV */
  51:Core/Src/main.c **** volatile uint8_t sensorFlag = 0;
  52:Core/Src/main.c **** volatile uint8_t distance = 0;
  53:Core/Src/main.c **** volatile uint32_t tempRiseEdge = 0; 
  54:Core/Src/main.c **** volatile uint32_t tempLowEdge = 0; 
  55:Core/Src/main.c **** char msg[10];
  56:Core/Src/main.c **** /* USER CODE END PV */
  57:Core/Src/main.c **** 
  58:Core/Src/main.c **** /* Private function prototypes -----------------------------------------------*/
  59:Core/Src/main.c **** void SystemClock_Config(void);
  60:Core/Src/main.c **** static void MX_GPIO_Init(void);
  61:Core/Src/main.c **** static void MX_LPUART1_UART_Init(void);
  62:Core/Src/main.c **** static void MX_TIM2_Init(void);
  63:Core/Src/main.c **** /* USER CODE BEGIN PFP */
  64:Core/Src/main.c **** 
  65:Core/Src/main.c **** /* USER CODE END PFP */
  66:Core/Src/main.c **** 
  67:Core/Src/main.c **** /* Private user code ---------------------------------------------------------*/
  68:Core/Src/main.c **** /* USER CODE BEGIN 0 */
  69:Core/Src/main.c **** // char title[] = "Distance: "; 
  70:Core/Src/main.c **** volatile uint8_t edgeFlag = 0;
  71:Core/Src/main.c **** /* USER CODE END 0 */
  72:Core/Src/main.c **** 
  73:Core/Src/main.c **** /**
  74:Core/Src/main.c ****   * @brief  The application entry point.
  75:Core/Src/main.c ****   * @retval int
  76:Core/Src/main.c ****   */
  77:Core/Src/main.c **** int main(void)
  78:Core/Src/main.c **** {
  79:Core/Src/main.c ****   /* USER CODE BEGIN 1 */
  80:Core/Src/main.c ****   /* USER CODE END 1 */
  81:Core/Src/main.c **** 
  82:Core/Src/main.c ****   /* MCU Configuration--------------------------------------------------------*/
  83:Core/Src/main.c **** 
  84:Core/Src/main.c ****   /* Reset of all peripherals, Initializes the Flash interface and the Systick. */
  85:Core/Src/main.c ****   HAL_Init();
  86:Core/Src/main.c **** 
  87:Core/Src/main.c ****   /* USER CODE BEGIN Init */
  88:Core/Src/main.c **** 
ARM GAS  C:\Users\tranm\AppData\Local\Temp\ccA9tvM1.s 			page 3


  89:Core/Src/main.c ****   /* USER CODE END Init */
  90:Core/Src/main.c **** 
  91:Core/Src/main.c ****   /* Configure the system clock */
  92:Core/Src/main.c ****   SystemClock_Config();
  93:Core/Src/main.c **** 
  94:Core/Src/main.c ****   /* USER CODE BEGIN SysInit */
  95:Core/Src/main.c **** 
  96:Core/Src/main.c ****   /* USER CODE END SysInit */
  97:Core/Src/main.c **** 
  98:Core/Src/main.c ****   /* Initialize all configured peripherals */
  99:Core/Src/main.c ****   MX_GPIO_Init();
 100:Core/Src/main.c ****   MX_LPUART1_UART_Init();
 101:Core/Src/main.c ****   MX_TIM2_Init();
 102:Core/Src/main.c ****   /* USER CODE BEGIN 2 */
 103:Core/Src/main.c ****   #ifdef PWM
 104:Core/Src/main.c ****   HAL_TIM_PWM_Start(&htim1, TIM_CHANNEL_2);
 105:Core/Src/main.c **** 
 106:Core/Src/main.c ****   // Directional Pins  
 107:Core/Src/main.c ****   HAL_GPIO_WritePin(GPIOC, GPIO_PIN_6, GPIO_PIN_SET); // PC6
 108:Core/Src/main.c ****   HAL_GPIO_WritePin(GPIOC, GPIO_PIN_7, GPIO_PIN_RESET); // PC7
 109:Core/Src/main.c ****   HAL_GPIO_WritePin(GPIOC, GPIO_PIN_8, GPIO_PIN_SET); // PC8
 110:Core/Src/main.c ****   HAL_GPIO_WritePin(GPIOC, GPIO_PIN_9, GPIO_PIN_RESET); // PC9
 111:Core/Src/main.c **** 
 112:Core/Src/main.c ****   // Duty Cycle = duration of active state
 113:Core/Src/main.c ****   __HAL_TIM_SET_COMPARE(&htim1, TIM_CHANNEL_2, 65535/2); // 50% duty cycle
 114:Core/Src/main.c ****   #endif
 115:Core/Src/main.c **** 
 116:Core/Src/main.c ****   HAL_GPIO_WritePin(TRIGGER_GPIO_Port, TRIGGER_Pin, RESET);
 117:Core/Src/main.c ****   HAL_GPIO_WritePin(ECHO_GPIO_Port, ECHO_Pin, RESET); 
 118:Core/Src/main.c **** 
 119:Core/Src/main.c ****   /* USER CODE END 2 */
 120:Core/Src/main.c **** 
 121:Core/Src/main.c ****   /* Infinite loop */
 122:Core/Src/main.c ****   /* USER CODE BEGIN WHILE */
 123:Core/Src/main.c ****   // HAL_NVIC_DisableIRQ(EXTI0_IRQn);
 124:Core/Src/main.c ****   while (1)
 125:Core/Src/main.c ****   { 
 126:Core/Src/main.c ****     sensorFlag = 0;
 127:Core/Src/main.c ****     distance = 0;
 128:Core/Src/main.c **** 
 129:Core/Src/main.c ****     // 10 microseconds delay using Timer 2 
 130:Core/Src/main.c ****     HAL_TIM_Base_Start(&htim2);
 131:Core/Src/main.c ****     while(!(__HAL_TIM_GET_COUNTER(&htim2) == TEN_MICROSECONDS)){} 
 132:Core/Src/main.c ****     HAL_TIM_Base_Stop(&htim2); 
 133:Core/Src/main.c ****     __HAL_TIM_SET_COUNTER(&htim2, 0);
 134:Core/Src/main.c **** 
 135:Core/Src/main.c ****     HAL_GPIO_WritePin(TRIGGER_GPIO_Port, TRIGGER_Pin, SET); 
 136:Core/Src/main.c ****     
 137:Core/Src/main.c ****     // 10 microseconds delay using Timer 2
 138:Core/Src/main.c ****     HAL_TIM_Base_Start(&htim2);
 139:Core/Src/main.c ****     while(!(__HAL_TIM_GET_COUNTER(&htim2) == TEN_MICROSECONDS)){} 
 140:Core/Src/main.c ****     HAL_TIM_Base_Stop(&htim2);
 141:Core/Src/main.c ****     __HAL_TIM_SET_COUNTER(&htim2, 0); 
 142:Core/Src/main.c **** 
 143:Core/Src/main.c ****     HAL_GPIO_WritePin(TRIGGER_GPIO_Port, TRIGGER_Pin, RESET); 
 144:Core/Src/main.c **** 
 145:Core/Src/main.c ****     // Wait for ECHO pin to read
ARM GAS  C:\Users\tranm\AppData\Local\Temp\ccA9tvM1.s 			page 4


 146:Core/Src/main.c ****     while(!sensorFlag){};
 147:Core/Src/main.c **** 
 148:Core/Src/main.c ****     sprintf(msg, "%dcm\r\n", distance);
 149:Core/Src/main.c **** 
 150:Core/Src/main.c ****     HAL_UART_Transmit(&hlpuart1, msg, strlen(msg), HAL_MAX_DELAY); 
 151:Core/Src/main.c ****     //HAL_UART_Transmit(&hlpuart1, "cm\r\n", sizeof("cm\r\n"), HAL_MAX_DELAY); 
 152:Core/Src/main.c ****     /* USER CODE END WHILE */
 153:Core/Src/main.c **** 
 154:Core/Src/main.c ****     /* USER CODE BEGIN 3 */
 155:Core/Src/main.c ****   }
 156:Core/Src/main.c ****   /* USER CODE END 3 */
 157:Core/Src/main.c **** }
 158:Core/Src/main.c **** 
 159:Core/Src/main.c **** /**
 160:Core/Src/main.c ****   * @brief System Clock Configuration
 161:Core/Src/main.c ****   * @retval None
 162:Core/Src/main.c ****   */
 163:Core/Src/main.c **** void SystemClock_Config(void)
 164:Core/Src/main.c **** {
 165:Core/Src/main.c ****   RCC_OscInitTypeDef RCC_OscInitStruct = {0};
 166:Core/Src/main.c ****   RCC_ClkInitTypeDef RCC_ClkInitStruct = {0};
 167:Core/Src/main.c **** 
 168:Core/Src/main.c ****   /** Configure the main internal regulator output voltage
 169:Core/Src/main.c ****   */
 170:Core/Src/main.c ****   HAL_PWREx_ControlVoltageScaling(PWR_REGULATOR_VOLTAGE_SCALE1_BOOST);
 171:Core/Src/main.c **** 
 172:Core/Src/main.c ****   /** Initializes the RCC Oscillators according to the specified parameters
 173:Core/Src/main.c ****   * in the RCC_OscInitTypeDef structure.
 174:Core/Src/main.c ****   */
 175:Core/Src/main.c ****   RCC_OscInitStruct.OscillatorType = RCC_OSCILLATORTYPE_HSI;
 176:Core/Src/main.c ****   RCC_OscInitStruct.HSIState = RCC_HSI_ON;
 177:Core/Src/main.c ****   RCC_OscInitStruct.HSICalibrationValue = RCC_HSICALIBRATION_DEFAULT;
 178:Core/Src/main.c ****   RCC_OscInitStruct.PLL.PLLState = RCC_PLL_ON;
 179:Core/Src/main.c ****   RCC_OscInitStruct.PLL.PLLSource = RCC_PLLSOURCE_HSI;
 180:Core/Src/main.c ****   RCC_OscInitStruct.PLL.PLLM = RCC_PLLM_DIV4;
 181:Core/Src/main.c ****   RCC_OscInitStruct.PLL.PLLN = 85;
 182:Core/Src/main.c ****   RCC_OscInitStruct.PLL.PLLP = RCC_PLLP_DIV2;
 183:Core/Src/main.c ****   RCC_OscInitStruct.PLL.PLLQ = RCC_PLLQ_DIV2;
 184:Core/Src/main.c ****   RCC_OscInitStruct.PLL.PLLR = RCC_PLLR_DIV2;
 185:Core/Src/main.c ****   if (HAL_RCC_OscConfig(&RCC_OscInitStruct) != HAL_OK)
 186:Core/Src/main.c ****   {
 187:Core/Src/main.c ****     Error_Handler();
 188:Core/Src/main.c ****   }
 189:Core/Src/main.c **** 
 190:Core/Src/main.c ****   /** Initializes the CPU, AHB and APB buses clocks
 191:Core/Src/main.c ****   */
 192:Core/Src/main.c ****   RCC_ClkInitStruct.ClockType = RCC_CLOCKTYPE_HCLK|RCC_CLOCKTYPE_SYSCLK
 193:Core/Src/main.c ****                               |RCC_CLOCKTYPE_PCLK1|RCC_CLOCKTYPE_PCLK2;
 194:Core/Src/main.c ****   RCC_ClkInitStruct.SYSCLKSource = RCC_SYSCLKSOURCE_PLLCLK;
 195:Core/Src/main.c ****   RCC_ClkInitStruct.AHBCLKDivider = RCC_SYSCLK_DIV1;
 196:Core/Src/main.c ****   RCC_ClkInitStruct.APB1CLKDivider = RCC_HCLK_DIV1;
 197:Core/Src/main.c ****   RCC_ClkInitStruct.APB2CLKDivider = RCC_HCLK_DIV1;
 198:Core/Src/main.c **** 
 199:Core/Src/main.c ****   if (HAL_RCC_ClockConfig(&RCC_ClkInitStruct, FLASH_LATENCY_4) != HAL_OK)
 200:Core/Src/main.c ****   {
 201:Core/Src/main.c ****     Error_Handler();
 202:Core/Src/main.c ****   }
ARM GAS  C:\Users\tranm\AppData\Local\Temp\ccA9tvM1.s 			page 5


 203:Core/Src/main.c **** }
 204:Core/Src/main.c **** 
 205:Core/Src/main.c **** /**
 206:Core/Src/main.c ****   * @brief LPUART1 Initialization Function
 207:Core/Src/main.c ****   * @param None
 208:Core/Src/main.c ****   * @retval None
 209:Core/Src/main.c ****   */
 210:Core/Src/main.c **** static void MX_LPUART1_UART_Init(void)
 211:Core/Src/main.c **** {
 212:Core/Src/main.c **** 
 213:Core/Src/main.c ****   /* USER CODE BEGIN LPUART1_Init 0 */
 214:Core/Src/main.c **** 
 215:Core/Src/main.c ****   /* USER CODE END LPUART1_Init 0 */
 216:Core/Src/main.c **** 
 217:Core/Src/main.c ****   /* USER CODE BEGIN LPUART1_Init 1 */
 218:Core/Src/main.c **** 
 219:Core/Src/main.c ****   /* USER CODE END LPUART1_Init 1 */
 220:Core/Src/main.c ****   hlpuart1.Instance = LPUART1;
 221:Core/Src/main.c ****   hlpuart1.Init.BaudRate = 115200;
 222:Core/Src/main.c ****   hlpuart1.Init.WordLength = UART_WORDLENGTH_8B;
 223:Core/Src/main.c ****   hlpuart1.Init.StopBits = UART_STOPBITS_1;
 224:Core/Src/main.c ****   hlpuart1.Init.Parity = UART_PARITY_NONE;
 225:Core/Src/main.c ****   hlpuart1.Init.Mode = UART_MODE_TX_RX;
 226:Core/Src/main.c ****   hlpuart1.Init.HwFlowCtl = UART_HWCONTROL_NONE;
 227:Core/Src/main.c ****   hlpuart1.Init.OneBitSampling = UART_ONE_BIT_SAMPLE_DISABLE;
 228:Core/Src/main.c ****   hlpuart1.Init.ClockPrescaler = UART_PRESCALER_DIV1;
 229:Core/Src/main.c ****   hlpuart1.AdvancedInit.AdvFeatureInit = UART_ADVFEATURE_NO_INIT;
 230:Core/Src/main.c ****   if (HAL_UART_Init(&hlpuart1) != HAL_OK)
 231:Core/Src/main.c ****   {
 232:Core/Src/main.c ****     Error_Handler();
 233:Core/Src/main.c ****   }
 234:Core/Src/main.c ****   if (HAL_UARTEx_SetTxFifoThreshold(&hlpuart1, UART_TXFIFO_THRESHOLD_1_8) != HAL_OK)
 235:Core/Src/main.c ****   {
 236:Core/Src/main.c ****     Error_Handler();
 237:Core/Src/main.c ****   }
 238:Core/Src/main.c ****   if (HAL_UARTEx_SetRxFifoThreshold(&hlpuart1, UART_RXFIFO_THRESHOLD_1_8) != HAL_OK)
 239:Core/Src/main.c ****   {
 240:Core/Src/main.c ****     Error_Handler();
 241:Core/Src/main.c ****   }
 242:Core/Src/main.c ****   if (HAL_UARTEx_DisableFifoMode(&hlpuart1) != HAL_OK)
 243:Core/Src/main.c ****   {
 244:Core/Src/main.c ****     Error_Handler();
 245:Core/Src/main.c ****   }
 246:Core/Src/main.c ****   /* USER CODE BEGIN LPUART1_Init 2 */
 247:Core/Src/main.c **** 
 248:Core/Src/main.c ****   /* USER CODE END LPUART1_Init 2 */
 249:Core/Src/main.c **** 
 250:Core/Src/main.c **** }
 251:Core/Src/main.c **** 
 252:Core/Src/main.c **** /**
 253:Core/Src/main.c ****   * @brief TIM2 Initialization Function
 254:Core/Src/main.c ****   * @param None
 255:Core/Src/main.c ****   * @retval None
 256:Core/Src/main.c ****   */
 257:Core/Src/main.c **** static void MX_TIM2_Init(void)
 258:Core/Src/main.c **** {
 259:Core/Src/main.c **** 
ARM GAS  C:\Users\tranm\AppData\Local\Temp\ccA9tvM1.s 			page 6


 260:Core/Src/main.c ****   /* USER CODE BEGIN TIM2_Init 0 */
 261:Core/Src/main.c **** 
 262:Core/Src/main.c ****   /* USER CODE END TIM2_Init 0 */
 263:Core/Src/main.c **** 
 264:Core/Src/main.c ****   TIM_ClockConfigTypeDef sClockSourceConfig = {0};
 265:Core/Src/main.c ****   TIM_MasterConfigTypeDef sMasterConfig = {0};
 266:Core/Src/main.c **** 
 267:Core/Src/main.c ****   /* USER CODE BEGIN TIM2_Init 1 */
 268:Core/Src/main.c **** 
 269:Core/Src/main.c ****   /* USER CODE END TIM2_Init 1 */
 270:Core/Src/main.c ****   htim2.Instance = TIM2;
 271:Core/Src/main.c ****   htim2.Init.Prescaler = 0;
 272:Core/Src/main.c ****   htim2.Init.CounterMode = TIM_COUNTERMODE_UP;
 273:Core/Src/main.c ****   htim2.Init.Period = 6462584;
 274:Core/Src/main.c ****   htim2.Init.ClockDivision = TIM_CLOCKDIVISION_DIV1;
 275:Core/Src/main.c ****   htim2.Init.AutoReloadPreload = TIM_AUTORELOAD_PRELOAD_DISABLE;
 276:Core/Src/main.c ****   if (HAL_TIM_Base_Init(&htim2) != HAL_OK)
 277:Core/Src/main.c ****   {
 278:Core/Src/main.c ****     Error_Handler();
 279:Core/Src/main.c ****   }
 280:Core/Src/main.c ****   sClockSourceConfig.ClockSource = TIM_CLOCKSOURCE_INTERNAL;
 281:Core/Src/main.c ****   if (HAL_TIM_ConfigClockSource(&htim2, &sClockSourceConfig) != HAL_OK)
 282:Core/Src/main.c ****   {
 283:Core/Src/main.c ****     Error_Handler();
 284:Core/Src/main.c ****   }
 285:Core/Src/main.c ****   sMasterConfig.MasterOutputTrigger = TIM_TRGO_RESET;
 286:Core/Src/main.c ****   sMasterConfig.MasterSlaveMode = TIM_MASTERSLAVEMODE_DISABLE;
 287:Core/Src/main.c ****   if (HAL_TIMEx_MasterConfigSynchronization(&htim2, &sMasterConfig) != HAL_OK)
 288:Core/Src/main.c ****   {
 289:Core/Src/main.c ****     Error_Handler();
 290:Core/Src/main.c ****   }
 291:Core/Src/main.c ****   /* USER CODE BEGIN TIM2_Init 2 */
 292:Core/Src/main.c **** 
 293:Core/Src/main.c ****   /* USER CODE END TIM2_Init 2 */
 294:Core/Src/main.c **** 
 295:Core/Src/main.c **** }
 296:Core/Src/main.c **** 
 297:Core/Src/main.c **** /**
 298:Core/Src/main.c ****   * @brief GPIO Initialization Function
 299:Core/Src/main.c ****   * @param None
 300:Core/Src/main.c ****   * @retval None
 301:Core/Src/main.c ****   */
 302:Core/Src/main.c **** static void MX_GPIO_Init(void)
 303:Core/Src/main.c **** {
  28              		.loc 1 303 1 view -0
  29              		.cfi_startproc
  30              		@ args = 0, pretend = 0, frame = 40
  31              		@ frame_needed = 0, uses_anonymous_args = 0
  32 0000 70B5     		push	{r4, r5, r6, lr}
  33              		.cfi_def_cfa_offset 16
  34              		.cfi_offset 4, -16
  35              		.cfi_offset 5, -12
  36              		.cfi_offset 6, -8
  37              		.cfi_offset 14, -4
  38 0002 8AB0     		sub	sp, sp, #40
  39              		.cfi_def_cfa_offset 56
 304:Core/Src/main.c ****   GPIO_InitTypeDef GPIO_InitStruct = {0};
ARM GAS  C:\Users\tranm\AppData\Local\Temp\ccA9tvM1.s 			page 7


  40              		.loc 1 304 3 view .LVU1
  41              		.loc 1 304 20 is_stmt 0 view .LVU2
  42 0004 0024     		movs	r4, #0
  43 0006 0594     		str	r4, [sp, #20]
  44 0008 0694     		str	r4, [sp, #24]
  45 000a 0794     		str	r4, [sp, #28]
  46 000c 0894     		str	r4, [sp, #32]
  47 000e 0994     		str	r4, [sp, #36]
 305:Core/Src/main.c **** /* USER CODE BEGIN MX_GPIO_Init_1 */
 306:Core/Src/main.c **** /* USER CODE END MX_GPIO_Init_1 */
 307:Core/Src/main.c **** 
 308:Core/Src/main.c ****   /* GPIO Ports Clock Enable */
 309:Core/Src/main.c ****   __HAL_RCC_GPIOC_CLK_ENABLE();
  48              		.loc 1 309 3 is_stmt 1 view .LVU3
  49              	.LBB4:
  50              		.loc 1 309 3 view .LVU4
  51              		.loc 1 309 3 view .LVU5
  52 0010 294B     		ldr	r3, .L3
  53 0012 DA6C     		ldr	r2, [r3, #76]
  54 0014 42F00402 		orr	r2, r2, #4
  55 0018 DA64     		str	r2, [r3, #76]
  56              		.loc 1 309 3 view .LVU6
  57 001a DA6C     		ldr	r2, [r3, #76]
  58 001c 02F00402 		and	r2, r2, #4
  59 0020 0192     		str	r2, [sp, #4]
  60              		.loc 1 309 3 view .LVU7
  61 0022 019A     		ldr	r2, [sp, #4]
  62              	.LBE4:
  63              		.loc 1 309 3 view .LVU8
 310:Core/Src/main.c ****   __HAL_RCC_GPIOF_CLK_ENABLE();
  64              		.loc 1 310 3 view .LVU9
  65              	.LBB5:
  66              		.loc 1 310 3 view .LVU10
  67              		.loc 1 310 3 view .LVU11
  68 0024 DA6C     		ldr	r2, [r3, #76]
  69 0026 42F02002 		orr	r2, r2, #32
  70 002a DA64     		str	r2, [r3, #76]
  71              		.loc 1 310 3 view .LVU12
  72 002c DA6C     		ldr	r2, [r3, #76]
  73 002e 02F02002 		and	r2, r2, #32
  74 0032 0292     		str	r2, [sp, #8]
  75              		.loc 1 310 3 view .LVU13
  76 0034 029A     		ldr	r2, [sp, #8]
  77              	.LBE5:
  78              		.loc 1 310 3 view .LVU14
 311:Core/Src/main.c ****   __HAL_RCC_GPIOA_CLK_ENABLE();
  79              		.loc 1 311 3 view .LVU15
  80              	.LBB6:
  81              		.loc 1 311 3 view .LVU16
  82              		.loc 1 311 3 view .LVU17
  83 0036 DA6C     		ldr	r2, [r3, #76]
  84 0038 42F00102 		orr	r2, r2, #1
  85 003c DA64     		str	r2, [r3, #76]
  86              		.loc 1 311 3 view .LVU18
  87 003e DA6C     		ldr	r2, [r3, #76]
  88 0040 02F00102 		and	r2, r2, #1
  89 0044 0392     		str	r2, [sp, #12]
ARM GAS  C:\Users\tranm\AppData\Local\Temp\ccA9tvM1.s 			page 8


  90              		.loc 1 311 3 view .LVU19
  91 0046 039A     		ldr	r2, [sp, #12]
  92              	.LBE6:
  93              		.loc 1 311 3 view .LVU20
 312:Core/Src/main.c ****   __HAL_RCC_GPIOB_CLK_ENABLE();
  94              		.loc 1 312 3 view .LVU21
  95              	.LBB7:
  96              		.loc 1 312 3 view .LVU22
  97              		.loc 1 312 3 view .LVU23
  98 0048 DA6C     		ldr	r2, [r3, #76]
  99 004a 42F00202 		orr	r2, r2, #2
 100 004e DA64     		str	r2, [r3, #76]
 101              		.loc 1 312 3 view .LVU24
 102 0050 DB6C     		ldr	r3, [r3, #76]
 103 0052 03F00203 		and	r3, r3, #2
 104 0056 0493     		str	r3, [sp, #16]
 105              		.loc 1 312 3 view .LVU25
 106 0058 049B     		ldr	r3, [sp, #16]
 107              	.LBE7:
 108              		.loc 1 312 3 view .LVU26
 313:Core/Src/main.c **** 
 314:Core/Src/main.c ****   /*Configure GPIO pin Output Level */
 315:Core/Src/main.c ****   HAL_GPIO_WritePin(TRIGGER_GPIO_Port, TRIGGER_Pin, GPIO_PIN_RESET);
 109              		.loc 1 315 3 view .LVU27
 110 005a 184E     		ldr	r6, .L3+4
 111 005c 2246     		mov	r2, r4
 112 005e 0121     		movs	r1, #1
 113 0060 3046     		mov	r0, r6
 114 0062 FFF7FEFF 		bl	HAL_GPIO_WritePin
 115              	.LVL0:
 316:Core/Src/main.c **** 
 317:Core/Src/main.c ****   /*Configure GPIO pin : B1_Pin */
 318:Core/Src/main.c ****   GPIO_InitStruct.Pin = B1_Pin;
 116              		.loc 1 318 3 view .LVU28
 117              		.loc 1 318 23 is_stmt 0 view .LVU29
 118 0066 4FF40053 		mov	r3, #8192
 119 006a 0593     		str	r3, [sp, #20]
 319:Core/Src/main.c ****   GPIO_InitStruct.Mode = GPIO_MODE_IT_RISING;
 120              		.loc 1 319 3 is_stmt 1 view .LVU30
 121              		.loc 1 319 24 is_stmt 0 view .LVU31
 122 006c 4FF48813 		mov	r3, #1114112
 123 0070 0693     		str	r3, [sp, #24]
 320:Core/Src/main.c ****   GPIO_InitStruct.Pull = GPIO_NOPULL;
 124              		.loc 1 320 3 is_stmt 1 view .LVU32
 125              		.loc 1 320 24 is_stmt 0 view .LVU33
 126 0072 0794     		str	r4, [sp, #28]
 321:Core/Src/main.c ****   HAL_GPIO_Init(B1_GPIO_Port, &GPIO_InitStruct);
 127              		.loc 1 321 3 is_stmt 1 view .LVU34
 128 0074 05A9     		add	r1, sp, #20
 129 0076 3046     		mov	r0, r6
 130 0078 FFF7FEFF 		bl	HAL_GPIO_Init
 131              	.LVL1:
 322:Core/Src/main.c **** 
 323:Core/Src/main.c ****   /*Configure GPIO pin : TRIGGER_Pin */
 324:Core/Src/main.c ****   GPIO_InitStruct.Pin = TRIGGER_Pin;
 132              		.loc 1 324 3 view .LVU35
 133              		.loc 1 324 23 is_stmt 0 view .LVU36
ARM GAS  C:\Users\tranm\AppData\Local\Temp\ccA9tvM1.s 			page 9


 134 007c 0125     		movs	r5, #1
 135 007e 0595     		str	r5, [sp, #20]
 325:Core/Src/main.c ****   GPIO_InitStruct.Mode = GPIO_MODE_OUTPUT_PP;
 136              		.loc 1 325 3 is_stmt 1 view .LVU37
 137              		.loc 1 325 24 is_stmt 0 view .LVU38
 138 0080 0695     		str	r5, [sp, #24]
 326:Core/Src/main.c ****   GPIO_InitStruct.Pull = GPIO_NOPULL;
 139              		.loc 1 326 3 is_stmt 1 view .LVU39
 140              		.loc 1 326 24 is_stmt 0 view .LVU40
 141 0082 0794     		str	r4, [sp, #28]
 327:Core/Src/main.c ****   GPIO_InitStruct.Speed = GPIO_SPEED_FREQ_LOW;
 142              		.loc 1 327 3 is_stmt 1 view .LVU41
 143              		.loc 1 327 25 is_stmt 0 view .LVU42
 144 0084 0894     		str	r4, [sp, #32]
 328:Core/Src/main.c ****   HAL_GPIO_Init(TRIGGER_GPIO_Port, &GPIO_InitStruct);
 145              		.loc 1 328 3 is_stmt 1 view .LVU43
 146 0086 05A9     		add	r1, sp, #20
 147 0088 3046     		mov	r0, r6
 148 008a FFF7FEFF 		bl	HAL_GPIO_Init
 149              	.LVL2:
 329:Core/Src/main.c **** 
 330:Core/Src/main.c ****   /*Configure GPIO pin : ECHO_Pin */
 331:Core/Src/main.c ****   GPIO_InitStruct.Pin = ECHO_Pin;
 150              		.loc 1 331 3 view .LVU44
 151              		.loc 1 331 23 is_stmt 0 view .LVU45
 152 008e 0595     		str	r5, [sp, #20]
 332:Core/Src/main.c ****   GPIO_InitStruct.Mode = GPIO_MODE_IT_RISING_FALLING;
 153              		.loc 1 332 3 is_stmt 1 view .LVU46
 154              		.loc 1 332 24 is_stmt 0 view .LVU47
 155 0090 4FF44413 		mov	r3, #3211264
 156 0094 0693     		str	r3, [sp, #24]
 333:Core/Src/main.c ****   GPIO_InitStruct.Pull = GPIO_NOPULL;
 157              		.loc 1 333 3 is_stmt 1 view .LVU48
 158              		.loc 1 333 24 is_stmt 0 view .LVU49
 159 0096 0794     		str	r4, [sp, #28]
 334:Core/Src/main.c ****   HAL_GPIO_Init(ECHO_GPIO_Port, &GPIO_InitStruct);
 160              		.loc 1 334 3 is_stmt 1 view .LVU50
 161 0098 05A9     		add	r1, sp, #20
 162 009a 4FF09040 		mov	r0, #1207959552
 163 009e FFF7FEFF 		bl	HAL_GPIO_Init
 164              	.LVL3:
 335:Core/Src/main.c **** 
 336:Core/Src/main.c ****   /* EXTI interrupt init*/
 337:Core/Src/main.c ****   HAL_NVIC_SetPriority(EXTI0_IRQn, 0, 0);
 165              		.loc 1 337 3 view .LVU51
 166 00a2 2246     		mov	r2, r4
 167 00a4 2146     		mov	r1, r4
 168 00a6 0620     		movs	r0, #6
 169 00a8 FFF7FEFF 		bl	HAL_NVIC_SetPriority
 170              	.LVL4:
 338:Core/Src/main.c ****   HAL_NVIC_EnableIRQ(EXTI0_IRQn);
 171              		.loc 1 338 3 view .LVU52
 172 00ac 0620     		movs	r0, #6
 173 00ae FFF7FEFF 		bl	HAL_NVIC_EnableIRQ
 174              	.LVL5:
 339:Core/Src/main.c **** 
 340:Core/Src/main.c **** /* USER CODE BEGIN MX_GPIO_Init_2 */
ARM GAS  C:\Users\tranm\AppData\Local\Temp\ccA9tvM1.s 			page 10


 341:Core/Src/main.c **** /* USER CODE END MX_GPIO_Init_2 */
 342:Core/Src/main.c **** }
 175              		.loc 1 342 1 is_stmt 0 view .LVU53
 176 00b2 0AB0     		add	sp, sp, #40
 177              		.cfi_def_cfa_offset 16
 178              		@ sp needed
 179 00b4 70BD     		pop	{r4, r5, r6, pc}
 180              	.L4:
 181 00b6 00BF     		.align	2
 182              	.L3:
 183 00b8 00100240 		.word	1073876992
 184 00bc 00080048 		.word	1207961600
 185              		.cfi_endproc
 186              	.LFE139:
 188              		.global	__aeabi_ui2d
 189              		.global	__aeabi_dmul
 190              		.global	__aeabi_d2uiz
 191              		.section	.text.HAL_GPIO_EXTI_Callback,"ax",%progbits
 192              		.align	1
 193              		.global	HAL_GPIO_EXTI_Callback
 194              		.syntax unified
 195              		.thumb
 196              		.thumb_func
 198              	HAL_GPIO_EXTI_Callback:
 199              	.LVL6:
 200              	.LFB140:
 343:Core/Src/main.c **** 
 344:Core/Src/main.c **** /* USER CODE BEGIN 4 */
 345:Core/Src/main.c **** void HAL_GPIO_EXTI_Callback(uint16_t GPIO_Pin)
 346:Core/Src/main.c **** {
 201              		.loc 1 346 1 is_stmt 1 view -0
 202              		.cfi_startproc
 203              		@ args = 0, pretend = 0, frame = 0
 204              		@ frame_needed = 0, uses_anonymous_args = 0
 205              		.loc 1 346 1 is_stmt 0 view .LVU55
 206 0000 70B5     		push	{r4, r5, r6, lr}
 207              		.cfi_def_cfa_offset 16
 208              		.cfi_offset 4, -16
 209              		.cfi_offset 5, -12
 210              		.cfi_offset 6, -8
 211              		.cfi_offset 14, -4
 347:Core/Src/main.c ****   // Signal Sent
 348:Core/Src/main.c ****   if(HAL_GPIO_ReadPin(ECHO_GPIO_Port, ECHO_Pin) && edgeFlag == 0)
 212              		.loc 1 348 3 is_stmt 1 view .LVU56
 213              		.loc 1 348 6 is_stmt 0 view .LVU57
 214 0002 0121     		movs	r1, #1
 215 0004 4FF09040 		mov	r0, #1207959552
 216              	.LVL7:
 217              		.loc 1 348 6 view .LVU58
 218 0008 FFF7FEFF 		bl	HAL_GPIO_ReadPin
 219              	.LVL8:
 220              		.loc 1 348 5 view .LVU59
 221 000c 10B1     		cbz	r0, .L6
 222              		.loc 1 348 61 discriminator 1 view .LVU60
 223 000e 284B     		ldr	r3, .L11+16
 224 0010 1B78     		ldrb	r3, [r3]	@ zero_extendqisi2
 225              		.loc 1 348 49 discriminator 1 view .LVU61
ARM GAS  C:\Users\tranm\AppData\Local\Temp\ccA9tvM1.s 			page 11


 226 0012 5BB1     		cbz	r3, .L9
 227              	.L6:
 349:Core/Src/main.c ****   {
 350:Core/Src/main.c ****     HAL_TIM_Base_Start(&htim2);
 351:Core/Src/main.c ****     tempRiseEdge = __HAL_TIM_GET_COUNTER(&htim2);
 352:Core/Src/main.c ****     edgeFlag = 1; 
 353:Core/Src/main.c ****   }
 354:Core/Src/main.c **** 
 355:Core/Src/main.c ****   // Signal received
 356:Core/Src/main.c ****   else if(!HAL_GPIO_ReadPin(ECHO_GPIO_Port, ECHO_Pin) && edgeFlag == 1)
 228              		.loc 1 356 8 is_stmt 1 view .LVU62
 229              		.loc 1 356 12 is_stmt 0 view .LVU63
 230 0014 0121     		movs	r1, #1
 231 0016 4FF09040 		mov	r0, #1207959552
 232 001a FFF7FEFF 		bl	HAL_GPIO_ReadPin
 233              	.LVL9:
 234              		.loc 1 356 10 view .LVU64
 235 001e 20B9     		cbnz	r0, .L5
 236              		.loc 1 356 67 discriminator 1 view .LVU65
 237 0020 234B     		ldr	r3, .L11+16
 238 0022 1B78     		ldrb	r3, [r3]	@ zero_extendqisi2
 239 0024 DBB2     		uxtb	r3, r3
 240              		.loc 1 356 55 discriminator 1 view .LVU66
 241 0026 012B     		cmp	r3, #1
 242 0028 0CD0     		beq	.L10
 243              	.L5:
 357:Core/Src/main.c ****   {
 358:Core/Src/main.c ****     tempLowEdge = __HAL_TIM_GET_COUNTER(&htim2); 
 359:Core/Src/main.c ****     HAL_TIM_Base_Stop(&htim2); 
 360:Core/Src/main.c ****     __HAL_TIM_SET_COUNTER(&htim2, 0); 
 361:Core/Src/main.c ****     HAL_TIM_Base_Start(&htim2); 
 362:Core/Src/main.c **** 
 363:Core/Src/main.c ****     distance = (tempLowEdge - tempRiseEdge) * MACHINE_CYCLE_LENGTH * SPEED_OF_SOUND / 2; 
 364:Core/Src/main.c ****     edgeFlag = 0; 
 365:Core/Src/main.c ****     sensorFlag = 1;
 366:Core/Src/main.c ****   }
 367:Core/Src/main.c **** }
 244              		.loc 1 367 1 view .LVU67
 245 002a 70BD     		pop	{r4, r5, r6, pc}
 246              	.L9:
 350:Core/Src/main.c ****     tempRiseEdge = __HAL_TIM_GET_COUNTER(&htim2);
 247              		.loc 1 350 5 is_stmt 1 view .LVU68
 248 002c 214C     		ldr	r4, .L11+20
 249 002e 2046     		mov	r0, r4
 250 0030 FFF7FEFF 		bl	HAL_TIM_Base_Start
 251              	.LVL10:
 351:Core/Src/main.c ****     edgeFlag = 1; 
 252              		.loc 1 351 5 view .LVU69
 351:Core/Src/main.c ****     edgeFlag = 1; 
 253              		.loc 1 351 20 is_stmt 0 view .LVU70
 254 0034 2368     		ldr	r3, [r4]
 255 0036 5A6A     		ldr	r2, [r3, #36]
 351:Core/Src/main.c ****     edgeFlag = 1; 
 256              		.loc 1 351 18 view .LVU71
 257 0038 1F4B     		ldr	r3, .L11+24
 258 003a 1A60     		str	r2, [r3]
 352:Core/Src/main.c ****   }
ARM GAS  C:\Users\tranm\AppData\Local\Temp\ccA9tvM1.s 			page 12


 259              		.loc 1 352 5 is_stmt 1 view .LVU72
 352:Core/Src/main.c ****   }
 260              		.loc 1 352 14 is_stmt 0 view .LVU73
 261 003c 1C4B     		ldr	r3, .L11+16
 262 003e 0122     		movs	r2, #1
 263 0040 1A70     		strb	r2, [r3]
 264 0042 F2E7     		b	.L5
 265              	.L10:
 358:Core/Src/main.c ****     HAL_TIM_Base_Stop(&htim2); 
 266              		.loc 1 358 5 is_stmt 1 view .LVU74
 358:Core/Src/main.c ****     HAL_TIM_Base_Stop(&htim2); 
 267              		.loc 1 358 19 is_stmt 0 view .LVU75
 268 0044 1B4C     		ldr	r4, .L11+20
 269 0046 2368     		ldr	r3, [r4]
 270 0048 5B6A     		ldr	r3, [r3, #36]
 358:Core/Src/main.c ****     HAL_TIM_Base_Stop(&htim2); 
 271              		.loc 1 358 17 view .LVU76
 272 004a 1C4E     		ldr	r6, .L11+28
 273 004c 3360     		str	r3, [r6]
 359:Core/Src/main.c ****     __HAL_TIM_SET_COUNTER(&htim2, 0); 
 274              		.loc 1 359 5 is_stmt 1 view .LVU77
 275 004e 2046     		mov	r0, r4
 276 0050 FFF7FEFF 		bl	HAL_TIM_Base_Stop
 277              	.LVL11:
 360:Core/Src/main.c ****     HAL_TIM_Base_Start(&htim2); 
 278              		.loc 1 360 5 view .LVU78
 279 0054 2368     		ldr	r3, [r4]
 280 0056 0025     		movs	r5, #0
 281 0058 5D62     		str	r5, [r3, #36]
 361:Core/Src/main.c **** 
 282              		.loc 1 361 5 view .LVU79
 283 005a 2046     		mov	r0, r4
 284 005c FFF7FEFF 		bl	HAL_TIM_Base_Start
 285              	.LVL12:
 363:Core/Src/main.c ****     edgeFlag = 0; 
 286              		.loc 1 363 5 view .LVU80
 363:Core/Src/main.c ****     edgeFlag = 0; 
 287              		.loc 1 363 29 is_stmt 0 view .LVU81
 288 0060 3068     		ldr	r0, [r6]
 289 0062 154B     		ldr	r3, .L11+24
 290 0064 1B68     		ldr	r3, [r3]
 363:Core/Src/main.c ****     edgeFlag = 0; 
 291              		.loc 1 363 45 view .LVU82
 292 0066 C01A     		subs	r0, r0, r3
 293 0068 FFF7FEFF 		bl	__aeabi_ui2d
 294              	.LVL13:
 295 006c 0CA3     		adr	r3, .L11
 296 006e D3E90023 		ldrd	r2, [r3]
 297 0072 FFF7FEFF 		bl	__aeabi_dmul
 298              	.LVL14:
 363:Core/Src/main.c ****     edgeFlag = 0; 
 299              		.loc 1 363 68 view .LVU83
 300 0076 0CA3     		adr	r3, .L11+8
 301 0078 D3E90023 		ldrd	r2, [r3]
 302 007c FFF7FEFF 		bl	__aeabi_dmul
 303              	.LVL15:
 363:Core/Src/main.c ****     edgeFlag = 0; 
ARM GAS  C:\Users\tranm\AppData\Local\Temp\ccA9tvM1.s 			page 13


 304              		.loc 1 363 85 view .LVU84
 305 0080 0022     		movs	r2, #0
 306 0082 0F4B     		ldr	r3, .L11+32
 307 0084 FFF7FEFF 		bl	__aeabi_dmul
 308              	.LVL16:
 363:Core/Src/main.c ****     edgeFlag = 0; 
 309              		.loc 1 363 14 view .LVU85
 310 0088 FFF7FEFF 		bl	__aeabi_d2uiz
 311              	.LVL17:
 312 008c C0B2     		uxtb	r0, r0
 313 008e 0D4B     		ldr	r3, .L11+36
 314 0090 1870     		strb	r0, [r3]
 364:Core/Src/main.c ****     sensorFlag = 1;
 315              		.loc 1 364 5 is_stmt 1 view .LVU86
 364:Core/Src/main.c ****     sensorFlag = 1;
 316              		.loc 1 364 14 is_stmt 0 view .LVU87
 317 0092 074B     		ldr	r3, .L11+16
 318 0094 1D70     		strb	r5, [r3]
 365:Core/Src/main.c ****   }
 319              		.loc 1 365 5 is_stmt 1 view .LVU88
 365:Core/Src/main.c ****   }
 320              		.loc 1 365 16 is_stmt 0 view .LVU89
 321 0096 0C4B     		ldr	r3, .L11+40
 322 0098 0122     		movs	r2, #1
 323 009a 1A70     		strb	r2, [r3]
 324              		.loc 1 367 1 view .LVU90
 325 009c C5E7     		b	.L5
 326              	.L12:
 327 009e 00BF     		.align	3
 328              	.L11:
 329 00a0 842A357B 		.word	2067081860
 330 00a4 A015783F 		.word	1064834464
 331 00a8 006F8104 		.word	75591424
 332 00ac C58FA13F 		.word	1067552709
 333 00b0 00000000 		.word	.LANCHOR0
 334 00b4 00000000 		.word	.LANCHOR1
 335 00b8 00000000 		.word	.LANCHOR2
 336 00bc 00000000 		.word	.LANCHOR3
 337 00c0 0000E03F 		.word	1071644672
 338 00c4 00000000 		.word	.LANCHOR4
 339 00c8 00000000 		.word	.LANCHOR5
 340              		.cfi_endproc
 341              	.LFE140:
 343              		.section	.text.Error_Handler,"ax",%progbits
 344              		.align	1
 345              		.global	Error_Handler
 346              		.syntax unified
 347              		.thumb
 348              		.thumb_func
 350              	Error_Handler:
 351              	.LFB141:
 368:Core/Src/main.c **** /* USER CODE END 4 */
 369:Core/Src/main.c **** 
 370:Core/Src/main.c **** /**
 371:Core/Src/main.c ****   * @brief  This function is executed in case of error occurrence.
 372:Core/Src/main.c ****   * @retval None
 373:Core/Src/main.c ****   */
ARM GAS  C:\Users\tranm\AppData\Local\Temp\ccA9tvM1.s 			page 14


 374:Core/Src/main.c **** void Error_Handler(void)
 375:Core/Src/main.c **** {
 352              		.loc 1 375 1 is_stmt 1 view -0
 353              		.cfi_startproc
 354              		@ Volatile: function does not return.
 355              		@ args = 0, pretend = 0, frame = 0
 356              		@ frame_needed = 0, uses_anonymous_args = 0
 357              		@ link register save eliminated.
 376:Core/Src/main.c ****   /* USER CODE BEGIN Error_Handler_Debug */
 377:Core/Src/main.c ****   /* User can add his own implementation to report the HAL error return state */
 378:Core/Src/main.c ****   __disable_irq();
 358              		.loc 1 378 3 view .LVU92
 359              	.LBB8:
 360              	.LBI8:
 361              		.file 2 "Drivers/CMSIS/Include/cmsis_gcc.h"
   1:Drivers/CMSIS/Include/cmsis_gcc.h **** /**************************************************************************//**
   2:Drivers/CMSIS/Include/cmsis_gcc.h ****  * @file     cmsis_gcc.h
   3:Drivers/CMSIS/Include/cmsis_gcc.h ****  * @brief    CMSIS compiler GCC header file
   4:Drivers/CMSIS/Include/cmsis_gcc.h ****  * @version  V5.2.0
   5:Drivers/CMSIS/Include/cmsis_gcc.h ****  * @date     08. May 2019
   6:Drivers/CMSIS/Include/cmsis_gcc.h ****  ******************************************************************************/
   7:Drivers/CMSIS/Include/cmsis_gcc.h **** /*
   8:Drivers/CMSIS/Include/cmsis_gcc.h ****  * Copyright (c) 2009-2019 Arm Limited. All rights reserved.
   9:Drivers/CMSIS/Include/cmsis_gcc.h ****  *
  10:Drivers/CMSIS/Include/cmsis_gcc.h ****  * SPDX-License-Identifier: Apache-2.0
  11:Drivers/CMSIS/Include/cmsis_gcc.h ****  *
  12:Drivers/CMSIS/Include/cmsis_gcc.h ****  * Licensed under the Apache License, Version 2.0 (the License); you may
  13:Drivers/CMSIS/Include/cmsis_gcc.h ****  * not use this file except in compliance with the License.
  14:Drivers/CMSIS/Include/cmsis_gcc.h ****  * You may obtain a copy of the License at
  15:Drivers/CMSIS/Include/cmsis_gcc.h ****  *
  16:Drivers/CMSIS/Include/cmsis_gcc.h ****  * www.apache.org/licenses/LICENSE-2.0
  17:Drivers/CMSIS/Include/cmsis_gcc.h ****  *
  18:Drivers/CMSIS/Include/cmsis_gcc.h ****  * Unless required by applicable law or agreed to in writing, software
  19:Drivers/CMSIS/Include/cmsis_gcc.h ****  * distributed under the License is distributed on an AS IS BASIS, WITHOUT
  20:Drivers/CMSIS/Include/cmsis_gcc.h ****  * WARRANTIES OR CONDITIONS OF ANY KIND, either express or implied.
  21:Drivers/CMSIS/Include/cmsis_gcc.h ****  * See the License for the specific language governing permissions and
  22:Drivers/CMSIS/Include/cmsis_gcc.h ****  * limitations under the License.
  23:Drivers/CMSIS/Include/cmsis_gcc.h ****  */
  24:Drivers/CMSIS/Include/cmsis_gcc.h **** 
  25:Drivers/CMSIS/Include/cmsis_gcc.h **** #ifndef __CMSIS_GCC_H
  26:Drivers/CMSIS/Include/cmsis_gcc.h **** #define __CMSIS_GCC_H
  27:Drivers/CMSIS/Include/cmsis_gcc.h **** 
  28:Drivers/CMSIS/Include/cmsis_gcc.h **** /* ignore some GCC warnings */
  29:Drivers/CMSIS/Include/cmsis_gcc.h **** #pragma GCC diagnostic push
  30:Drivers/CMSIS/Include/cmsis_gcc.h **** #pragma GCC diagnostic ignored "-Wsign-conversion"
  31:Drivers/CMSIS/Include/cmsis_gcc.h **** #pragma GCC diagnostic ignored "-Wconversion"
  32:Drivers/CMSIS/Include/cmsis_gcc.h **** #pragma GCC diagnostic ignored "-Wunused-parameter"
  33:Drivers/CMSIS/Include/cmsis_gcc.h **** 
  34:Drivers/CMSIS/Include/cmsis_gcc.h **** /* Fallback for __has_builtin */
  35:Drivers/CMSIS/Include/cmsis_gcc.h **** #ifndef __has_builtin
  36:Drivers/CMSIS/Include/cmsis_gcc.h ****   #define __has_builtin(x) (0)
  37:Drivers/CMSIS/Include/cmsis_gcc.h **** #endif
  38:Drivers/CMSIS/Include/cmsis_gcc.h **** 
  39:Drivers/CMSIS/Include/cmsis_gcc.h **** /* CMSIS compiler specific defines */
  40:Drivers/CMSIS/Include/cmsis_gcc.h **** #ifndef   __ASM
  41:Drivers/CMSIS/Include/cmsis_gcc.h ****   #define __ASM                                  __asm
  42:Drivers/CMSIS/Include/cmsis_gcc.h **** #endif
ARM GAS  C:\Users\tranm\AppData\Local\Temp\ccA9tvM1.s 			page 15


  43:Drivers/CMSIS/Include/cmsis_gcc.h **** #ifndef   __INLINE
  44:Drivers/CMSIS/Include/cmsis_gcc.h ****   #define __INLINE                               inline
  45:Drivers/CMSIS/Include/cmsis_gcc.h **** #endif
  46:Drivers/CMSIS/Include/cmsis_gcc.h **** #ifndef   __STATIC_INLINE
  47:Drivers/CMSIS/Include/cmsis_gcc.h ****   #define __STATIC_INLINE                        static inline
  48:Drivers/CMSIS/Include/cmsis_gcc.h **** #endif
  49:Drivers/CMSIS/Include/cmsis_gcc.h **** #ifndef   __STATIC_FORCEINLINE                 
  50:Drivers/CMSIS/Include/cmsis_gcc.h ****   #define __STATIC_FORCEINLINE                   __attribute__((always_inline)) static inline
  51:Drivers/CMSIS/Include/cmsis_gcc.h **** #endif                                           
  52:Drivers/CMSIS/Include/cmsis_gcc.h **** #ifndef   __NO_RETURN
  53:Drivers/CMSIS/Include/cmsis_gcc.h ****   #define __NO_RETURN                            __attribute__((__noreturn__))
  54:Drivers/CMSIS/Include/cmsis_gcc.h **** #endif
  55:Drivers/CMSIS/Include/cmsis_gcc.h **** #ifndef   __USED
  56:Drivers/CMSIS/Include/cmsis_gcc.h ****   #define __USED                                 __attribute__((used))
  57:Drivers/CMSIS/Include/cmsis_gcc.h **** #endif
  58:Drivers/CMSIS/Include/cmsis_gcc.h **** #ifndef   __WEAK
  59:Drivers/CMSIS/Include/cmsis_gcc.h ****   #define __WEAK                                 __attribute__((weak))
  60:Drivers/CMSIS/Include/cmsis_gcc.h **** #endif
  61:Drivers/CMSIS/Include/cmsis_gcc.h **** #ifndef   __PACKED
  62:Drivers/CMSIS/Include/cmsis_gcc.h ****   #define __PACKED                               __attribute__((packed, aligned(1)))
  63:Drivers/CMSIS/Include/cmsis_gcc.h **** #endif
  64:Drivers/CMSIS/Include/cmsis_gcc.h **** #ifndef   __PACKED_STRUCT
  65:Drivers/CMSIS/Include/cmsis_gcc.h ****   #define __PACKED_STRUCT                        struct __attribute__((packed, aligned(1)))
  66:Drivers/CMSIS/Include/cmsis_gcc.h **** #endif
  67:Drivers/CMSIS/Include/cmsis_gcc.h **** #ifndef   __PACKED_UNION
  68:Drivers/CMSIS/Include/cmsis_gcc.h ****   #define __PACKED_UNION                         union __attribute__((packed, aligned(1)))
  69:Drivers/CMSIS/Include/cmsis_gcc.h **** #endif
  70:Drivers/CMSIS/Include/cmsis_gcc.h **** #ifndef   __UNALIGNED_UINT32        /* deprecated */
  71:Drivers/CMSIS/Include/cmsis_gcc.h ****   #pragma GCC diagnostic push
  72:Drivers/CMSIS/Include/cmsis_gcc.h ****   #pragma GCC diagnostic ignored "-Wpacked"
  73:Drivers/CMSIS/Include/cmsis_gcc.h ****   #pragma GCC diagnostic ignored "-Wattributes"
  74:Drivers/CMSIS/Include/cmsis_gcc.h ****   struct __attribute__((packed)) T_UINT32 { uint32_t v; };
  75:Drivers/CMSIS/Include/cmsis_gcc.h ****   #pragma GCC diagnostic pop
  76:Drivers/CMSIS/Include/cmsis_gcc.h ****   #define __UNALIGNED_UINT32(x)                  (((struct T_UINT32 *)(x))->v)
  77:Drivers/CMSIS/Include/cmsis_gcc.h **** #endif
  78:Drivers/CMSIS/Include/cmsis_gcc.h **** #ifndef   __UNALIGNED_UINT16_WRITE
  79:Drivers/CMSIS/Include/cmsis_gcc.h ****   #pragma GCC diagnostic push
  80:Drivers/CMSIS/Include/cmsis_gcc.h ****   #pragma GCC diagnostic ignored "-Wpacked"
  81:Drivers/CMSIS/Include/cmsis_gcc.h ****   #pragma GCC diagnostic ignored "-Wattributes"
  82:Drivers/CMSIS/Include/cmsis_gcc.h ****   __PACKED_STRUCT T_UINT16_WRITE { uint16_t v; };
  83:Drivers/CMSIS/Include/cmsis_gcc.h ****   #pragma GCC diagnostic pop
  84:Drivers/CMSIS/Include/cmsis_gcc.h ****   #define __UNALIGNED_UINT16_WRITE(addr, val)    (void)((((struct T_UINT16_WRITE *)(void *)(addr))-
  85:Drivers/CMSIS/Include/cmsis_gcc.h **** #endif
  86:Drivers/CMSIS/Include/cmsis_gcc.h **** #ifndef   __UNALIGNED_UINT16_READ
  87:Drivers/CMSIS/Include/cmsis_gcc.h ****   #pragma GCC diagnostic push
  88:Drivers/CMSIS/Include/cmsis_gcc.h ****   #pragma GCC diagnostic ignored "-Wpacked"
  89:Drivers/CMSIS/Include/cmsis_gcc.h ****   #pragma GCC diagnostic ignored "-Wattributes"
  90:Drivers/CMSIS/Include/cmsis_gcc.h ****   __PACKED_STRUCT T_UINT16_READ { uint16_t v; };
  91:Drivers/CMSIS/Include/cmsis_gcc.h ****   #pragma GCC diagnostic pop
  92:Drivers/CMSIS/Include/cmsis_gcc.h ****   #define __UNALIGNED_UINT16_READ(addr)          (((const struct T_UINT16_READ *)(const void *)(add
  93:Drivers/CMSIS/Include/cmsis_gcc.h **** #endif
  94:Drivers/CMSIS/Include/cmsis_gcc.h **** #ifndef   __UNALIGNED_UINT32_WRITE
  95:Drivers/CMSIS/Include/cmsis_gcc.h ****   #pragma GCC diagnostic push
  96:Drivers/CMSIS/Include/cmsis_gcc.h ****   #pragma GCC diagnostic ignored "-Wpacked"
  97:Drivers/CMSIS/Include/cmsis_gcc.h ****   #pragma GCC diagnostic ignored "-Wattributes"
  98:Drivers/CMSIS/Include/cmsis_gcc.h ****   __PACKED_STRUCT T_UINT32_WRITE { uint32_t v; };
  99:Drivers/CMSIS/Include/cmsis_gcc.h ****   #pragma GCC diagnostic pop
ARM GAS  C:\Users\tranm\AppData\Local\Temp\ccA9tvM1.s 			page 16


 100:Drivers/CMSIS/Include/cmsis_gcc.h ****   #define __UNALIGNED_UINT32_WRITE(addr, val)    (void)((((struct T_UINT32_WRITE *)(void *)(addr))-
 101:Drivers/CMSIS/Include/cmsis_gcc.h **** #endif
 102:Drivers/CMSIS/Include/cmsis_gcc.h **** #ifndef   __UNALIGNED_UINT32_READ
 103:Drivers/CMSIS/Include/cmsis_gcc.h ****   #pragma GCC diagnostic push
 104:Drivers/CMSIS/Include/cmsis_gcc.h ****   #pragma GCC diagnostic ignored "-Wpacked"
 105:Drivers/CMSIS/Include/cmsis_gcc.h ****   #pragma GCC diagnostic ignored "-Wattributes"
 106:Drivers/CMSIS/Include/cmsis_gcc.h ****   __PACKED_STRUCT T_UINT32_READ { uint32_t v; };
 107:Drivers/CMSIS/Include/cmsis_gcc.h ****   #pragma GCC diagnostic pop
 108:Drivers/CMSIS/Include/cmsis_gcc.h ****   #define __UNALIGNED_UINT32_READ(addr)          (((const struct T_UINT32_READ *)(const void *)(add
 109:Drivers/CMSIS/Include/cmsis_gcc.h **** #endif
 110:Drivers/CMSIS/Include/cmsis_gcc.h **** #ifndef   __ALIGNED
 111:Drivers/CMSIS/Include/cmsis_gcc.h ****   #define __ALIGNED(x)                           __attribute__((aligned(x)))
 112:Drivers/CMSIS/Include/cmsis_gcc.h **** #endif
 113:Drivers/CMSIS/Include/cmsis_gcc.h **** #ifndef   __RESTRICT
 114:Drivers/CMSIS/Include/cmsis_gcc.h ****   #define __RESTRICT                             __restrict
 115:Drivers/CMSIS/Include/cmsis_gcc.h **** #endif
 116:Drivers/CMSIS/Include/cmsis_gcc.h **** #ifndef   __COMPILER_BARRIER
 117:Drivers/CMSIS/Include/cmsis_gcc.h ****   #define __COMPILER_BARRIER()                   __ASM volatile("":::"memory")
 118:Drivers/CMSIS/Include/cmsis_gcc.h **** #endif
 119:Drivers/CMSIS/Include/cmsis_gcc.h **** 
 120:Drivers/CMSIS/Include/cmsis_gcc.h **** /* #########################  Startup and Lowlevel Init  ######################## */
 121:Drivers/CMSIS/Include/cmsis_gcc.h **** 
 122:Drivers/CMSIS/Include/cmsis_gcc.h **** #ifndef __PROGRAM_START
 123:Drivers/CMSIS/Include/cmsis_gcc.h **** 
 124:Drivers/CMSIS/Include/cmsis_gcc.h **** /**
 125:Drivers/CMSIS/Include/cmsis_gcc.h ****   \brief   Initializes data and bss sections
 126:Drivers/CMSIS/Include/cmsis_gcc.h ****   \details This default implementations initialized all data and additional bss
 127:Drivers/CMSIS/Include/cmsis_gcc.h ****            sections relying on .copy.table and .zero.table specified properly
 128:Drivers/CMSIS/Include/cmsis_gcc.h ****            in the used linker script.
 129:Drivers/CMSIS/Include/cmsis_gcc.h ****   
 130:Drivers/CMSIS/Include/cmsis_gcc.h ****  */
 131:Drivers/CMSIS/Include/cmsis_gcc.h **** __STATIC_FORCEINLINE __NO_RETURN void __cmsis_start(void)
 132:Drivers/CMSIS/Include/cmsis_gcc.h **** {
 133:Drivers/CMSIS/Include/cmsis_gcc.h ****   extern void _start(void) __NO_RETURN;
 134:Drivers/CMSIS/Include/cmsis_gcc.h ****   
 135:Drivers/CMSIS/Include/cmsis_gcc.h ****   typedef struct {
 136:Drivers/CMSIS/Include/cmsis_gcc.h ****     uint32_t const* src;
 137:Drivers/CMSIS/Include/cmsis_gcc.h ****     uint32_t* dest;
 138:Drivers/CMSIS/Include/cmsis_gcc.h ****     uint32_t  wlen;
 139:Drivers/CMSIS/Include/cmsis_gcc.h ****   } __copy_table_t;
 140:Drivers/CMSIS/Include/cmsis_gcc.h ****   
 141:Drivers/CMSIS/Include/cmsis_gcc.h ****   typedef struct {
 142:Drivers/CMSIS/Include/cmsis_gcc.h ****     uint32_t* dest;
 143:Drivers/CMSIS/Include/cmsis_gcc.h ****     uint32_t  wlen;
 144:Drivers/CMSIS/Include/cmsis_gcc.h ****   } __zero_table_t;
 145:Drivers/CMSIS/Include/cmsis_gcc.h ****   
 146:Drivers/CMSIS/Include/cmsis_gcc.h ****   extern const __copy_table_t __copy_table_start__;
 147:Drivers/CMSIS/Include/cmsis_gcc.h ****   extern const __copy_table_t __copy_table_end__;
 148:Drivers/CMSIS/Include/cmsis_gcc.h ****   extern const __zero_table_t __zero_table_start__;
 149:Drivers/CMSIS/Include/cmsis_gcc.h ****   extern const __zero_table_t __zero_table_end__;
 150:Drivers/CMSIS/Include/cmsis_gcc.h **** 
 151:Drivers/CMSIS/Include/cmsis_gcc.h ****   for (__copy_table_t const* pTable = &__copy_table_start__; pTable < &__copy_table_end__; ++pTable
 152:Drivers/CMSIS/Include/cmsis_gcc.h ****     for(uint32_t i=0u; i<pTable->wlen; ++i) {
 153:Drivers/CMSIS/Include/cmsis_gcc.h ****       pTable->dest[i] = pTable->src[i];
 154:Drivers/CMSIS/Include/cmsis_gcc.h ****     }
 155:Drivers/CMSIS/Include/cmsis_gcc.h ****   }
 156:Drivers/CMSIS/Include/cmsis_gcc.h ****  
ARM GAS  C:\Users\tranm\AppData\Local\Temp\ccA9tvM1.s 			page 17


 157:Drivers/CMSIS/Include/cmsis_gcc.h ****   for (__zero_table_t const* pTable = &__zero_table_start__; pTable < &__zero_table_end__; ++pTable
 158:Drivers/CMSIS/Include/cmsis_gcc.h ****     for(uint32_t i=0u; i<pTable->wlen; ++i) {
 159:Drivers/CMSIS/Include/cmsis_gcc.h ****       pTable->dest[i] = 0u;
 160:Drivers/CMSIS/Include/cmsis_gcc.h ****     }
 161:Drivers/CMSIS/Include/cmsis_gcc.h ****   }
 162:Drivers/CMSIS/Include/cmsis_gcc.h ****  
 163:Drivers/CMSIS/Include/cmsis_gcc.h ****   _start();
 164:Drivers/CMSIS/Include/cmsis_gcc.h **** }
 165:Drivers/CMSIS/Include/cmsis_gcc.h ****   
 166:Drivers/CMSIS/Include/cmsis_gcc.h **** #define __PROGRAM_START           __cmsis_start
 167:Drivers/CMSIS/Include/cmsis_gcc.h **** #endif
 168:Drivers/CMSIS/Include/cmsis_gcc.h **** 
 169:Drivers/CMSIS/Include/cmsis_gcc.h **** #ifndef __INITIAL_SP
 170:Drivers/CMSIS/Include/cmsis_gcc.h **** #define __INITIAL_SP              __StackTop
 171:Drivers/CMSIS/Include/cmsis_gcc.h **** #endif
 172:Drivers/CMSIS/Include/cmsis_gcc.h **** 
 173:Drivers/CMSIS/Include/cmsis_gcc.h **** #ifndef __STACK_LIMIT
 174:Drivers/CMSIS/Include/cmsis_gcc.h **** #define __STACK_LIMIT             __StackLimit
 175:Drivers/CMSIS/Include/cmsis_gcc.h **** #endif
 176:Drivers/CMSIS/Include/cmsis_gcc.h **** 
 177:Drivers/CMSIS/Include/cmsis_gcc.h **** #ifndef __VECTOR_TABLE
 178:Drivers/CMSIS/Include/cmsis_gcc.h **** #define __VECTOR_TABLE            __Vectors
 179:Drivers/CMSIS/Include/cmsis_gcc.h **** #endif
 180:Drivers/CMSIS/Include/cmsis_gcc.h **** 
 181:Drivers/CMSIS/Include/cmsis_gcc.h **** #ifndef __VECTOR_TABLE_ATTRIBUTE
 182:Drivers/CMSIS/Include/cmsis_gcc.h **** #define __VECTOR_TABLE_ATTRIBUTE  __attribute((used, section(".vectors")))
 183:Drivers/CMSIS/Include/cmsis_gcc.h **** #endif
 184:Drivers/CMSIS/Include/cmsis_gcc.h **** 
 185:Drivers/CMSIS/Include/cmsis_gcc.h **** /* ###########################  Core Function Access  ########################### */
 186:Drivers/CMSIS/Include/cmsis_gcc.h **** /** \ingroup  CMSIS_Core_FunctionInterface
 187:Drivers/CMSIS/Include/cmsis_gcc.h ****     \defgroup CMSIS_Core_RegAccFunctions CMSIS Core Register Access Functions
 188:Drivers/CMSIS/Include/cmsis_gcc.h ****   @{
 189:Drivers/CMSIS/Include/cmsis_gcc.h ****  */
 190:Drivers/CMSIS/Include/cmsis_gcc.h **** 
 191:Drivers/CMSIS/Include/cmsis_gcc.h **** /**
 192:Drivers/CMSIS/Include/cmsis_gcc.h ****   \brief   Enable IRQ Interrupts
 193:Drivers/CMSIS/Include/cmsis_gcc.h ****   \details Enables IRQ interrupts by clearing the I-bit in the CPSR.
 194:Drivers/CMSIS/Include/cmsis_gcc.h ****            Can only be executed in Privileged modes.
 195:Drivers/CMSIS/Include/cmsis_gcc.h ****  */
 196:Drivers/CMSIS/Include/cmsis_gcc.h **** __STATIC_FORCEINLINE void __enable_irq(void)
 197:Drivers/CMSIS/Include/cmsis_gcc.h **** {
 198:Drivers/CMSIS/Include/cmsis_gcc.h ****   __ASM volatile ("cpsie i" : : : "memory");
 199:Drivers/CMSIS/Include/cmsis_gcc.h **** }
 200:Drivers/CMSIS/Include/cmsis_gcc.h **** 
 201:Drivers/CMSIS/Include/cmsis_gcc.h **** 
 202:Drivers/CMSIS/Include/cmsis_gcc.h **** /**
 203:Drivers/CMSIS/Include/cmsis_gcc.h ****   \brief   Disable IRQ Interrupts
 204:Drivers/CMSIS/Include/cmsis_gcc.h ****   \details Disables IRQ interrupts by setting the I-bit in the CPSR.
 205:Drivers/CMSIS/Include/cmsis_gcc.h ****            Can only be executed in Privileged modes.
 206:Drivers/CMSIS/Include/cmsis_gcc.h ****  */
 207:Drivers/CMSIS/Include/cmsis_gcc.h **** __STATIC_FORCEINLINE void __disable_irq(void)
 362              		.loc 2 207 27 view .LVU93
 363              	.LBB9:
 208:Drivers/CMSIS/Include/cmsis_gcc.h **** {
 209:Drivers/CMSIS/Include/cmsis_gcc.h ****   __ASM volatile ("cpsid i" : : : "memory");
 364              		.loc 2 209 3 view .LVU94
 365              		.syntax unified
ARM GAS  C:\Users\tranm\AppData\Local\Temp\ccA9tvM1.s 			page 18


 366              	@ 209 "Drivers/CMSIS/Include/cmsis_gcc.h" 1
 367 0000 72B6     		cpsid i
 368              	@ 0 "" 2
 369              		.thumb
 370              		.syntax unified
 371              	.L14:
 372              	.LBE9:
 373              	.LBE8:
 379:Core/Src/main.c ****   while (1)
 374              		.loc 1 379 3 discriminator 1 view .LVU95
 380:Core/Src/main.c ****   {
 381:Core/Src/main.c ****   }
 375              		.loc 1 381 3 discriminator 1 view .LVU96
 379:Core/Src/main.c ****   while (1)
 376              		.loc 1 379 9 discriminator 1 view .LVU97
 377 0002 FEE7     		b	.L14
 378              		.cfi_endproc
 379              	.LFE141:
 381              		.section	.text.MX_LPUART1_UART_Init,"ax",%progbits
 382              		.align	1
 383              		.syntax unified
 384              		.thumb
 385              		.thumb_func
 387              	MX_LPUART1_UART_Init:
 388              	.LFB137:
 211:Core/Src/main.c **** 
 389              		.loc 1 211 1 view -0
 390              		.cfi_startproc
 391              		@ args = 0, pretend = 0, frame = 0
 392              		@ frame_needed = 0, uses_anonymous_args = 0
 393 0000 08B5     		push	{r3, lr}
 394              		.cfi_def_cfa_offset 8
 395              		.cfi_offset 3, -8
 396              		.cfi_offset 14, -4
 220:Core/Src/main.c ****   hlpuart1.Init.BaudRate = 115200;
 397              		.loc 1 220 3 view .LVU99
 220:Core/Src/main.c ****   hlpuart1.Init.BaudRate = 115200;
 398              		.loc 1 220 21 is_stmt 0 view .LVU100
 399 0002 1548     		ldr	r0, .L25
 400 0004 154B     		ldr	r3, .L25+4
 401 0006 0360     		str	r3, [r0]
 221:Core/Src/main.c ****   hlpuart1.Init.WordLength = UART_WORDLENGTH_8B;
 402              		.loc 1 221 3 is_stmt 1 view .LVU101
 221:Core/Src/main.c ****   hlpuart1.Init.WordLength = UART_WORDLENGTH_8B;
 403              		.loc 1 221 26 is_stmt 0 view .LVU102
 404 0008 4FF4E133 		mov	r3, #115200
 405 000c 4360     		str	r3, [r0, #4]
 222:Core/Src/main.c ****   hlpuart1.Init.StopBits = UART_STOPBITS_1;
 406              		.loc 1 222 3 is_stmt 1 view .LVU103
 222:Core/Src/main.c ****   hlpuart1.Init.StopBits = UART_STOPBITS_1;
 407              		.loc 1 222 28 is_stmt 0 view .LVU104
 408 000e 0023     		movs	r3, #0
 409 0010 8360     		str	r3, [r0, #8]
 223:Core/Src/main.c ****   hlpuart1.Init.Parity = UART_PARITY_NONE;
 410              		.loc 1 223 3 is_stmt 1 view .LVU105
 223:Core/Src/main.c ****   hlpuart1.Init.Parity = UART_PARITY_NONE;
 411              		.loc 1 223 26 is_stmt 0 view .LVU106
ARM GAS  C:\Users\tranm\AppData\Local\Temp\ccA9tvM1.s 			page 19


 412 0012 C360     		str	r3, [r0, #12]
 224:Core/Src/main.c ****   hlpuart1.Init.Mode = UART_MODE_TX_RX;
 413              		.loc 1 224 3 is_stmt 1 view .LVU107
 224:Core/Src/main.c ****   hlpuart1.Init.Mode = UART_MODE_TX_RX;
 414              		.loc 1 224 24 is_stmt 0 view .LVU108
 415 0014 0361     		str	r3, [r0, #16]
 225:Core/Src/main.c ****   hlpuart1.Init.HwFlowCtl = UART_HWCONTROL_NONE;
 416              		.loc 1 225 3 is_stmt 1 view .LVU109
 225:Core/Src/main.c ****   hlpuart1.Init.HwFlowCtl = UART_HWCONTROL_NONE;
 417              		.loc 1 225 22 is_stmt 0 view .LVU110
 418 0016 0C22     		movs	r2, #12
 419 0018 4261     		str	r2, [r0, #20]
 226:Core/Src/main.c ****   hlpuart1.Init.OneBitSampling = UART_ONE_BIT_SAMPLE_DISABLE;
 420              		.loc 1 226 3 is_stmt 1 view .LVU111
 226:Core/Src/main.c ****   hlpuart1.Init.OneBitSampling = UART_ONE_BIT_SAMPLE_DISABLE;
 421              		.loc 1 226 27 is_stmt 0 view .LVU112
 422 001a 8361     		str	r3, [r0, #24]
 227:Core/Src/main.c ****   hlpuart1.Init.ClockPrescaler = UART_PRESCALER_DIV1;
 423              		.loc 1 227 3 is_stmt 1 view .LVU113
 227:Core/Src/main.c ****   hlpuart1.Init.ClockPrescaler = UART_PRESCALER_DIV1;
 424              		.loc 1 227 32 is_stmt 0 view .LVU114
 425 001c 0362     		str	r3, [r0, #32]
 228:Core/Src/main.c ****   hlpuart1.AdvancedInit.AdvFeatureInit = UART_ADVFEATURE_NO_INIT;
 426              		.loc 1 228 3 is_stmt 1 view .LVU115
 228:Core/Src/main.c ****   hlpuart1.AdvancedInit.AdvFeatureInit = UART_ADVFEATURE_NO_INIT;
 427              		.loc 1 228 32 is_stmt 0 view .LVU116
 428 001e 4362     		str	r3, [r0, #36]
 229:Core/Src/main.c ****   if (HAL_UART_Init(&hlpuart1) != HAL_OK)
 429              		.loc 1 229 3 is_stmt 1 view .LVU117
 229:Core/Src/main.c ****   if (HAL_UART_Init(&hlpuart1) != HAL_OK)
 430              		.loc 1 229 40 is_stmt 0 view .LVU118
 431 0020 8362     		str	r3, [r0, #40]
 230:Core/Src/main.c ****   {
 432              		.loc 1 230 3 is_stmt 1 view .LVU119
 230:Core/Src/main.c ****   {
 433              		.loc 1 230 7 is_stmt 0 view .LVU120
 434 0022 FFF7FEFF 		bl	HAL_UART_Init
 435              	.LVL18:
 230:Core/Src/main.c ****   {
 436              		.loc 1 230 6 view .LVU121
 437 0026 70B9     		cbnz	r0, .L21
 234:Core/Src/main.c ****   {
 438              		.loc 1 234 3 is_stmt 1 view .LVU122
 234:Core/Src/main.c ****   {
 439              		.loc 1 234 7 is_stmt 0 view .LVU123
 440 0028 0021     		movs	r1, #0
 441 002a 0B48     		ldr	r0, .L25
 442 002c FFF7FEFF 		bl	HAL_UARTEx_SetTxFifoThreshold
 443              	.LVL19:
 234:Core/Src/main.c ****   {
 444              		.loc 1 234 6 view .LVU124
 445 0030 58B9     		cbnz	r0, .L22
 238:Core/Src/main.c ****   {
 446              		.loc 1 238 3 is_stmt 1 view .LVU125
 238:Core/Src/main.c ****   {
 447              		.loc 1 238 7 is_stmt 0 view .LVU126
 448 0032 0021     		movs	r1, #0
ARM GAS  C:\Users\tranm\AppData\Local\Temp\ccA9tvM1.s 			page 20


 449 0034 0848     		ldr	r0, .L25
 450 0036 FFF7FEFF 		bl	HAL_UARTEx_SetRxFifoThreshold
 451              	.LVL20:
 238:Core/Src/main.c ****   {
 452              		.loc 1 238 6 view .LVU127
 453 003a 40B9     		cbnz	r0, .L23
 242:Core/Src/main.c ****   {
 454              		.loc 1 242 3 is_stmt 1 view .LVU128
 242:Core/Src/main.c ****   {
 455              		.loc 1 242 7 is_stmt 0 view .LVU129
 456 003c 0648     		ldr	r0, .L25
 457 003e FFF7FEFF 		bl	HAL_UARTEx_DisableFifoMode
 458              	.LVL21:
 242:Core/Src/main.c ****   {
 459              		.loc 1 242 6 view .LVU130
 460 0042 30B9     		cbnz	r0, .L24
 250:Core/Src/main.c **** 
 461              		.loc 1 250 1 view .LVU131
 462 0044 08BD     		pop	{r3, pc}
 463              	.L21:
 232:Core/Src/main.c ****   }
 464              		.loc 1 232 5 is_stmt 1 view .LVU132
 465 0046 FFF7FEFF 		bl	Error_Handler
 466              	.LVL22:
 467              	.L22:
 236:Core/Src/main.c ****   }
 468              		.loc 1 236 5 view .LVU133
 469 004a FFF7FEFF 		bl	Error_Handler
 470              	.LVL23:
 471              	.L23:
 240:Core/Src/main.c ****   }
 472              		.loc 1 240 5 view .LVU134
 473 004e FFF7FEFF 		bl	Error_Handler
 474              	.LVL24:
 475              	.L24:
 244:Core/Src/main.c ****   }
 476              		.loc 1 244 5 view .LVU135
 477 0052 FFF7FEFF 		bl	Error_Handler
 478              	.LVL25:
 479              	.L26:
 480 0056 00BF     		.align	2
 481              	.L25:
 482 0058 00000000 		.word	.LANCHOR6
 483 005c 00800040 		.word	1073774592
 484              		.cfi_endproc
 485              	.LFE137:
 487              		.section	.text.MX_TIM2_Init,"ax",%progbits
 488              		.align	1
 489              		.syntax unified
 490              		.thumb
 491              		.thumb_func
 493              	MX_TIM2_Init:
 494              	.LFB138:
 258:Core/Src/main.c **** 
 495              		.loc 1 258 1 view -0
 496              		.cfi_startproc
 497              		@ args = 0, pretend = 0, frame = 32
ARM GAS  C:\Users\tranm\AppData\Local\Temp\ccA9tvM1.s 			page 21


 498              		@ frame_needed = 0, uses_anonymous_args = 0
 499 0000 00B5     		push	{lr}
 500              		.cfi_def_cfa_offset 4
 501              		.cfi_offset 14, -4
 502 0002 89B0     		sub	sp, sp, #36
 503              		.cfi_def_cfa_offset 40
 264:Core/Src/main.c ****   TIM_MasterConfigTypeDef sMasterConfig = {0};
 504              		.loc 1 264 3 view .LVU137
 264:Core/Src/main.c ****   TIM_MasterConfigTypeDef sMasterConfig = {0};
 505              		.loc 1 264 26 is_stmt 0 view .LVU138
 506 0004 0023     		movs	r3, #0
 507 0006 0493     		str	r3, [sp, #16]
 508 0008 0593     		str	r3, [sp, #20]
 509 000a 0693     		str	r3, [sp, #24]
 510 000c 0793     		str	r3, [sp, #28]
 265:Core/Src/main.c **** 
 511              		.loc 1 265 3 is_stmt 1 view .LVU139
 265:Core/Src/main.c **** 
 512              		.loc 1 265 27 is_stmt 0 view .LVU140
 513 000e 0193     		str	r3, [sp, #4]
 514 0010 0293     		str	r3, [sp, #8]
 515 0012 0393     		str	r3, [sp, #12]
 270:Core/Src/main.c ****   htim2.Init.Prescaler = 0;
 516              		.loc 1 270 3 is_stmt 1 view .LVU141
 270:Core/Src/main.c ****   htim2.Init.Prescaler = 0;
 517              		.loc 1 270 18 is_stmt 0 view .LVU142
 518 0014 1248     		ldr	r0, .L35
 519 0016 4FF08042 		mov	r2, #1073741824
 520 001a 0260     		str	r2, [r0]
 271:Core/Src/main.c ****   htim2.Init.CounterMode = TIM_COUNTERMODE_UP;
 521              		.loc 1 271 3 is_stmt 1 view .LVU143
 271:Core/Src/main.c ****   htim2.Init.CounterMode = TIM_COUNTERMODE_UP;
 522              		.loc 1 271 24 is_stmt 0 view .LVU144
 523 001c 4360     		str	r3, [r0, #4]
 272:Core/Src/main.c ****   htim2.Init.Period = 6462584;
 524              		.loc 1 272 3 is_stmt 1 view .LVU145
 272:Core/Src/main.c ****   htim2.Init.Period = 6462584;
 525              		.loc 1 272 26 is_stmt 0 view .LVU146
 526 001e 8360     		str	r3, [r0, #8]
 273:Core/Src/main.c ****   htim2.Init.ClockDivision = TIM_CLOCKDIVISION_DIV1;
 527              		.loc 1 273 3 is_stmt 1 view .LVU147
 273:Core/Src/main.c ****   htim2.Init.ClockDivision = TIM_CLOCKDIVISION_DIV1;
 528              		.loc 1 273 21 is_stmt 0 view .LVU148
 529 0020 104A     		ldr	r2, .L35+4
 530 0022 C260     		str	r2, [r0, #12]
 274:Core/Src/main.c ****   htim2.Init.AutoReloadPreload = TIM_AUTORELOAD_PRELOAD_DISABLE;
 531              		.loc 1 274 3 is_stmt 1 view .LVU149
 274:Core/Src/main.c ****   htim2.Init.AutoReloadPreload = TIM_AUTORELOAD_PRELOAD_DISABLE;
 532              		.loc 1 274 28 is_stmt 0 view .LVU150
 533 0024 0361     		str	r3, [r0, #16]
 275:Core/Src/main.c ****   if (HAL_TIM_Base_Init(&htim2) != HAL_OK)
 534              		.loc 1 275 3 is_stmt 1 view .LVU151
 275:Core/Src/main.c ****   if (HAL_TIM_Base_Init(&htim2) != HAL_OK)
 535              		.loc 1 275 32 is_stmt 0 view .LVU152
 536 0026 8361     		str	r3, [r0, #24]
 276:Core/Src/main.c ****   {
 537              		.loc 1 276 3 is_stmt 1 view .LVU153
ARM GAS  C:\Users\tranm\AppData\Local\Temp\ccA9tvM1.s 			page 22


 276:Core/Src/main.c ****   {
 538              		.loc 1 276 7 is_stmt 0 view .LVU154
 539 0028 FFF7FEFF 		bl	HAL_TIM_Base_Init
 540              	.LVL26:
 276:Core/Src/main.c ****   {
 541              		.loc 1 276 6 view .LVU155
 542 002c 90B9     		cbnz	r0, .L32
 280:Core/Src/main.c ****   if (HAL_TIM_ConfigClockSource(&htim2, &sClockSourceConfig) != HAL_OK)
 543              		.loc 1 280 3 is_stmt 1 view .LVU156
 280:Core/Src/main.c ****   if (HAL_TIM_ConfigClockSource(&htim2, &sClockSourceConfig) != HAL_OK)
 544              		.loc 1 280 34 is_stmt 0 view .LVU157
 545 002e 4FF48053 		mov	r3, #4096
 546 0032 0493     		str	r3, [sp, #16]
 281:Core/Src/main.c ****   {
 547              		.loc 1 281 3 is_stmt 1 view .LVU158
 281:Core/Src/main.c ****   {
 548              		.loc 1 281 7 is_stmt 0 view .LVU159
 549 0034 04A9     		add	r1, sp, #16
 550 0036 0A48     		ldr	r0, .L35
 551 0038 FFF7FEFF 		bl	HAL_TIM_ConfigClockSource
 552              	.LVL27:
 281:Core/Src/main.c ****   {
 553              		.loc 1 281 6 view .LVU160
 554 003c 60B9     		cbnz	r0, .L33
 285:Core/Src/main.c ****   sMasterConfig.MasterSlaveMode = TIM_MASTERSLAVEMODE_DISABLE;
 555              		.loc 1 285 3 is_stmt 1 view .LVU161
 285:Core/Src/main.c ****   sMasterConfig.MasterSlaveMode = TIM_MASTERSLAVEMODE_DISABLE;
 556              		.loc 1 285 37 is_stmt 0 view .LVU162
 557 003e 0023     		movs	r3, #0
 558 0040 0193     		str	r3, [sp, #4]
 286:Core/Src/main.c ****   if (HAL_TIMEx_MasterConfigSynchronization(&htim2, &sMasterConfig) != HAL_OK)
 559              		.loc 1 286 3 is_stmt 1 view .LVU163
 286:Core/Src/main.c ****   if (HAL_TIMEx_MasterConfigSynchronization(&htim2, &sMasterConfig) != HAL_OK)
 560              		.loc 1 286 33 is_stmt 0 view .LVU164
 561 0042 0393     		str	r3, [sp, #12]
 287:Core/Src/main.c ****   {
 562              		.loc 1 287 3 is_stmt 1 view .LVU165
 287:Core/Src/main.c ****   {
 563              		.loc 1 287 7 is_stmt 0 view .LVU166
 564 0044 01A9     		add	r1, sp, #4
 565 0046 0648     		ldr	r0, .L35
 566 0048 FFF7FEFF 		bl	HAL_TIMEx_MasterConfigSynchronization
 567              	.LVL28:
 287:Core/Src/main.c ****   {
 568              		.loc 1 287 6 view .LVU167
 569 004c 30B9     		cbnz	r0, .L34
 295:Core/Src/main.c **** 
 570              		.loc 1 295 1 view .LVU168
 571 004e 09B0     		add	sp, sp, #36
 572              		.cfi_remember_state
 573              		.cfi_def_cfa_offset 4
 574              		@ sp needed
 575 0050 5DF804FB 		ldr	pc, [sp], #4
 576              	.L32:
 577              		.cfi_restore_state
 278:Core/Src/main.c ****   }
 578              		.loc 1 278 5 is_stmt 1 view .LVU169
ARM GAS  C:\Users\tranm\AppData\Local\Temp\ccA9tvM1.s 			page 23


 579 0054 FFF7FEFF 		bl	Error_Handler
 580              	.LVL29:
 581              	.L33:
 283:Core/Src/main.c ****   }
 582              		.loc 1 283 5 view .LVU170
 583 0058 FFF7FEFF 		bl	Error_Handler
 584              	.LVL30:
 585              	.L34:
 289:Core/Src/main.c ****   }
 586              		.loc 1 289 5 view .LVU171
 587 005c FFF7FEFF 		bl	Error_Handler
 588              	.LVL31:
 589              	.L36:
 590              		.align	2
 591              	.L35:
 592 0060 00000000 		.word	.LANCHOR1
 593 0064 789C6200 		.word	6462584
 594              		.cfi_endproc
 595              	.LFE138:
 597              		.section	.text.SystemClock_Config,"ax",%progbits
 598              		.align	1
 599              		.global	SystemClock_Config
 600              		.syntax unified
 601              		.thumb
 602              		.thumb_func
 604              	SystemClock_Config:
 605              	.LFB136:
 164:Core/Src/main.c ****   RCC_OscInitTypeDef RCC_OscInitStruct = {0};
 606              		.loc 1 164 1 view -0
 607              		.cfi_startproc
 608              		@ args = 0, pretend = 0, frame = 80
 609              		@ frame_needed = 0, uses_anonymous_args = 0
 610 0000 00B5     		push	{lr}
 611              		.cfi_def_cfa_offset 4
 612              		.cfi_offset 14, -4
 613 0002 95B0     		sub	sp, sp, #84
 614              		.cfi_def_cfa_offset 88
 165:Core/Src/main.c ****   RCC_ClkInitTypeDef RCC_ClkInitStruct = {0};
 615              		.loc 1 165 3 view .LVU173
 165:Core/Src/main.c ****   RCC_ClkInitTypeDef RCC_ClkInitStruct = {0};
 616              		.loc 1 165 22 is_stmt 0 view .LVU174
 617 0004 3822     		movs	r2, #56
 618 0006 0021     		movs	r1, #0
 619 0008 06A8     		add	r0, sp, #24
 620 000a FFF7FEFF 		bl	memset
 621              	.LVL32:
 166:Core/Src/main.c **** 
 622              		.loc 1 166 3 is_stmt 1 view .LVU175
 166:Core/Src/main.c **** 
 623              		.loc 1 166 22 is_stmt 0 view .LVU176
 624 000e 0020     		movs	r0, #0
 625 0010 0190     		str	r0, [sp, #4]
 626 0012 0290     		str	r0, [sp, #8]
 627 0014 0390     		str	r0, [sp, #12]
 628 0016 0490     		str	r0, [sp, #16]
 629 0018 0590     		str	r0, [sp, #20]
 170:Core/Src/main.c **** 
ARM GAS  C:\Users\tranm\AppData\Local\Temp\ccA9tvM1.s 			page 24


 630              		.loc 1 170 3 is_stmt 1 view .LVU177
 631 001a FFF7FEFF 		bl	HAL_PWREx_ControlVoltageScaling
 632              	.LVL33:
 175:Core/Src/main.c ****   RCC_OscInitStruct.HSIState = RCC_HSI_ON;
 633              		.loc 1 175 3 view .LVU178
 175:Core/Src/main.c ****   RCC_OscInitStruct.HSIState = RCC_HSI_ON;
 634              		.loc 1 175 36 is_stmt 0 view .LVU179
 635 001e 0223     		movs	r3, #2
 636 0020 0693     		str	r3, [sp, #24]
 176:Core/Src/main.c ****   RCC_OscInitStruct.HSICalibrationValue = RCC_HSICALIBRATION_DEFAULT;
 637              		.loc 1 176 3 is_stmt 1 view .LVU180
 176:Core/Src/main.c ****   RCC_OscInitStruct.HSICalibrationValue = RCC_HSICALIBRATION_DEFAULT;
 638              		.loc 1 176 30 is_stmt 0 view .LVU181
 639 0022 4FF48072 		mov	r2, #256
 640 0026 0992     		str	r2, [sp, #36]
 177:Core/Src/main.c ****   RCC_OscInitStruct.PLL.PLLState = RCC_PLL_ON;
 641              		.loc 1 177 3 is_stmt 1 view .LVU182
 177:Core/Src/main.c ****   RCC_OscInitStruct.PLL.PLLState = RCC_PLL_ON;
 642              		.loc 1 177 41 is_stmt 0 view .LVU183
 643 0028 4022     		movs	r2, #64
 644 002a 0A92     		str	r2, [sp, #40]
 178:Core/Src/main.c ****   RCC_OscInitStruct.PLL.PLLSource = RCC_PLLSOURCE_HSI;
 645              		.loc 1 178 3 is_stmt 1 view .LVU184
 178:Core/Src/main.c ****   RCC_OscInitStruct.PLL.PLLSource = RCC_PLLSOURCE_HSI;
 646              		.loc 1 178 34 is_stmt 0 view .LVU185
 647 002c 0D93     		str	r3, [sp, #52]
 179:Core/Src/main.c ****   RCC_OscInitStruct.PLL.PLLM = RCC_PLLM_DIV4;
 648              		.loc 1 179 3 is_stmt 1 view .LVU186
 179:Core/Src/main.c ****   RCC_OscInitStruct.PLL.PLLM = RCC_PLLM_DIV4;
 649              		.loc 1 179 35 is_stmt 0 view .LVU187
 650 002e 0E93     		str	r3, [sp, #56]
 180:Core/Src/main.c ****   RCC_OscInitStruct.PLL.PLLN = 85;
 651              		.loc 1 180 3 is_stmt 1 view .LVU188
 180:Core/Src/main.c ****   RCC_OscInitStruct.PLL.PLLN = 85;
 652              		.loc 1 180 30 is_stmt 0 view .LVU189
 653 0030 0422     		movs	r2, #4
 654 0032 0F92     		str	r2, [sp, #60]
 181:Core/Src/main.c ****   RCC_OscInitStruct.PLL.PLLP = RCC_PLLP_DIV2;
 655              		.loc 1 181 3 is_stmt 1 view .LVU190
 181:Core/Src/main.c ****   RCC_OscInitStruct.PLL.PLLP = RCC_PLLP_DIV2;
 656              		.loc 1 181 30 is_stmt 0 view .LVU191
 657 0034 5522     		movs	r2, #85
 658 0036 1092     		str	r2, [sp, #64]
 182:Core/Src/main.c ****   RCC_OscInitStruct.PLL.PLLQ = RCC_PLLQ_DIV2;
 659              		.loc 1 182 3 is_stmt 1 view .LVU192
 182:Core/Src/main.c ****   RCC_OscInitStruct.PLL.PLLQ = RCC_PLLQ_DIV2;
 660              		.loc 1 182 30 is_stmt 0 view .LVU193
 661 0038 1193     		str	r3, [sp, #68]
 183:Core/Src/main.c ****   RCC_OscInitStruct.PLL.PLLR = RCC_PLLR_DIV2;
 662              		.loc 1 183 3 is_stmt 1 view .LVU194
 183:Core/Src/main.c ****   RCC_OscInitStruct.PLL.PLLR = RCC_PLLR_DIV2;
 663              		.loc 1 183 30 is_stmt 0 view .LVU195
 664 003a 1293     		str	r3, [sp, #72]
 184:Core/Src/main.c ****   if (HAL_RCC_OscConfig(&RCC_OscInitStruct) != HAL_OK)
 665              		.loc 1 184 3 is_stmt 1 view .LVU196
 184:Core/Src/main.c ****   if (HAL_RCC_OscConfig(&RCC_OscInitStruct) != HAL_OK)
 666              		.loc 1 184 30 is_stmt 0 view .LVU197
ARM GAS  C:\Users\tranm\AppData\Local\Temp\ccA9tvM1.s 			page 25


 667 003c 1393     		str	r3, [sp, #76]
 185:Core/Src/main.c ****   {
 668              		.loc 1 185 3 is_stmt 1 view .LVU198
 185:Core/Src/main.c ****   {
 669              		.loc 1 185 7 is_stmt 0 view .LVU199
 670 003e 06A8     		add	r0, sp, #24
 671 0040 FFF7FEFF 		bl	HAL_RCC_OscConfig
 672              	.LVL34:
 185:Core/Src/main.c ****   {
 673              		.loc 1 185 6 view .LVU200
 674 0044 80B9     		cbnz	r0, .L41
 192:Core/Src/main.c ****                               |RCC_CLOCKTYPE_PCLK1|RCC_CLOCKTYPE_PCLK2;
 675              		.loc 1 192 3 is_stmt 1 view .LVU201
 192:Core/Src/main.c ****                               |RCC_CLOCKTYPE_PCLK1|RCC_CLOCKTYPE_PCLK2;
 676              		.loc 1 192 31 is_stmt 0 view .LVU202
 677 0046 0F23     		movs	r3, #15
 678 0048 0193     		str	r3, [sp, #4]
 194:Core/Src/main.c ****   RCC_ClkInitStruct.AHBCLKDivider = RCC_SYSCLK_DIV1;
 679              		.loc 1 194 3 is_stmt 1 view .LVU203
 194:Core/Src/main.c ****   RCC_ClkInitStruct.AHBCLKDivider = RCC_SYSCLK_DIV1;
 680              		.loc 1 194 34 is_stmt 0 view .LVU204
 681 004a 0323     		movs	r3, #3
 682 004c 0293     		str	r3, [sp, #8]
 195:Core/Src/main.c ****   RCC_ClkInitStruct.APB1CLKDivider = RCC_HCLK_DIV1;
 683              		.loc 1 195 3 is_stmt 1 view .LVU205
 195:Core/Src/main.c ****   RCC_ClkInitStruct.APB1CLKDivider = RCC_HCLK_DIV1;
 684              		.loc 1 195 35 is_stmt 0 view .LVU206
 685 004e 0023     		movs	r3, #0
 686 0050 0393     		str	r3, [sp, #12]
 196:Core/Src/main.c ****   RCC_ClkInitStruct.APB2CLKDivider = RCC_HCLK_DIV1;
 687              		.loc 1 196 3 is_stmt 1 view .LVU207
 196:Core/Src/main.c ****   RCC_ClkInitStruct.APB2CLKDivider = RCC_HCLK_DIV1;
 688              		.loc 1 196 36 is_stmt 0 view .LVU208
 689 0052 0493     		str	r3, [sp, #16]
 197:Core/Src/main.c **** 
 690              		.loc 1 197 3 is_stmt 1 view .LVU209
 197:Core/Src/main.c **** 
 691              		.loc 1 197 36 is_stmt 0 view .LVU210
 692 0054 0593     		str	r3, [sp, #20]
 199:Core/Src/main.c ****   {
 693              		.loc 1 199 3 is_stmt 1 view .LVU211
 199:Core/Src/main.c ****   {
 694              		.loc 1 199 7 is_stmt 0 view .LVU212
 695 0056 0421     		movs	r1, #4
 696 0058 0DEB0100 		add	r0, sp, r1
 697 005c FFF7FEFF 		bl	HAL_RCC_ClockConfig
 698              	.LVL35:
 199:Core/Src/main.c ****   {
 699              		.loc 1 199 6 view .LVU213
 700 0060 20B9     		cbnz	r0, .L42
 203:Core/Src/main.c **** 
 701              		.loc 1 203 1 view .LVU214
 702 0062 15B0     		add	sp, sp, #84
 703              		.cfi_remember_state
 704              		.cfi_def_cfa_offset 4
 705              		@ sp needed
 706 0064 5DF804FB 		ldr	pc, [sp], #4
ARM GAS  C:\Users\tranm\AppData\Local\Temp\ccA9tvM1.s 			page 26


 707              	.L41:
 708              		.cfi_restore_state
 187:Core/Src/main.c ****   }
 709              		.loc 1 187 5 is_stmt 1 view .LVU215
 710 0068 FFF7FEFF 		bl	Error_Handler
 711              	.LVL36:
 712              	.L42:
 201:Core/Src/main.c ****   }
 713              		.loc 1 201 5 view .LVU216
 714 006c FFF7FEFF 		bl	Error_Handler
 715              	.LVL37:
 716              		.cfi_endproc
 717              	.LFE136:
 719              		.section	.rodata.main.str1.4,"aMS",%progbits,1
 720              		.align	2
 721              	.LC0:
 722 0000 2564636D 		.ascii	"%dcm\015\012\000"
 722      0D0A00
 723              		.section	.text.main,"ax",%progbits
 724              		.align	1
 725              		.global	main
 726              		.syntax unified
 727              		.thumb
 728              		.thumb_func
 730              	main:
 731              	.LFB135:
  78:Core/Src/main.c ****   /* USER CODE BEGIN 1 */
 732              		.loc 1 78 1 view -0
 733              		.cfi_startproc
 734              		@ Volatile: function does not return.
 735              		@ args = 0, pretend = 0, frame = 0
 736              		@ frame_needed = 0, uses_anonymous_args = 0
 737 0000 08B5     		push	{r3, lr}
 738              		.cfi_def_cfa_offset 8
 739              		.cfi_offset 3, -8
 740              		.cfi_offset 14, -4
  85:Core/Src/main.c **** 
 741              		.loc 1 85 3 view .LVU218
 742 0002 FFF7FEFF 		bl	HAL_Init
 743              	.LVL38:
  92:Core/Src/main.c **** 
 744              		.loc 1 92 3 view .LVU219
 745 0006 FFF7FEFF 		bl	SystemClock_Config
 746              	.LVL39:
  99:Core/Src/main.c ****   MX_LPUART1_UART_Init();
 747              		.loc 1 99 3 view .LVU220
 748 000a FFF7FEFF 		bl	MX_GPIO_Init
 749              	.LVL40:
 100:Core/Src/main.c ****   MX_TIM2_Init();
 750              		.loc 1 100 3 view .LVU221
 751 000e FFF7FEFF 		bl	MX_LPUART1_UART_Init
 752              	.LVL41:
 101:Core/Src/main.c ****   /* USER CODE BEGIN 2 */
 753              		.loc 1 101 3 view .LVU222
 754 0012 FFF7FEFF 		bl	MX_TIM2_Init
 755              	.LVL42:
 116:Core/Src/main.c ****   HAL_GPIO_WritePin(ECHO_GPIO_Port, ECHO_Pin, RESET); 
ARM GAS  C:\Users\tranm\AppData\Local\Temp\ccA9tvM1.s 			page 27


 756              		.loc 1 116 3 view .LVU223
 757 0016 0022     		movs	r2, #0
 758 0018 0121     		movs	r1, #1
 759 001a 2748     		ldr	r0, .L49
 760 001c FFF7FEFF 		bl	HAL_GPIO_WritePin
 761              	.LVL43:
 117:Core/Src/main.c **** 
 762              		.loc 1 117 3 view .LVU224
 763 0020 0022     		movs	r2, #0
 764 0022 0121     		movs	r1, #1
 765 0024 4FF09040 		mov	r0, #1207959552
 766 0028 FFF7FEFF 		bl	HAL_GPIO_WritePin
 767              	.LVL44:
 768              	.L47:
 124:Core/Src/main.c ****   { 
 769              		.loc 1 124 3 view .LVU225
 126:Core/Src/main.c ****     distance = 0;
 770              		.loc 1 126 5 view .LVU226
 126:Core/Src/main.c ****     distance = 0;
 771              		.loc 1 126 16 is_stmt 0 view .LVU227
 772 002c 0023     		movs	r3, #0
 773 002e 234A     		ldr	r2, .L49+4
 774 0030 1370     		strb	r3, [r2]
 127:Core/Src/main.c **** 
 775              		.loc 1 127 5 is_stmt 1 view .LVU228
 127:Core/Src/main.c **** 
 776              		.loc 1 127 14 is_stmt 0 view .LVU229
 777 0032 234A     		ldr	r2, .L49+8
 778 0034 1370     		strb	r3, [r2]
 130:Core/Src/main.c ****     while(!(__HAL_TIM_GET_COUNTER(&htim2) == TEN_MICROSECONDS)){} 
 779              		.loc 1 130 5 is_stmt 1 view .LVU230
 780 0036 2348     		ldr	r0, .L49+12
 781 0038 FFF7FEFF 		bl	HAL_TIM_Base_Start
 782              	.LVL45:
 131:Core/Src/main.c ****     HAL_TIM_Base_Stop(&htim2); 
 783              		.loc 1 131 5 view .LVU231
 784              	.L44:
 131:Core/Src/main.c ****     HAL_TIM_Base_Stop(&htim2); 
 785              		.loc 1 131 65 discriminator 1 view .LVU232
 131:Core/Src/main.c ****     HAL_TIM_Base_Stop(&htim2); 
 786              		.loc 1 131 11 discriminator 1 view .LVU233
 131:Core/Src/main.c ****     HAL_TIM_Base_Stop(&htim2); 
 787              		.loc 1 131 13 is_stmt 0 discriminator 1 view .LVU234
 788 003c 214B     		ldr	r3, .L49+12
 789 003e 1B68     		ldr	r3, [r3]
 790 0040 5A6A     		ldr	r2, [r3, #36]
 131:Core/Src/main.c ****     HAL_TIM_Base_Stop(&htim2); 
 791              		.loc 1 131 11 discriminator 1 view .LVU235
 792 0042 40F2A363 		movw	r3, #1699
 793 0046 9A42     		cmp	r2, r3
 794 0048 F8D1     		bne	.L44
 132:Core/Src/main.c ****     __HAL_TIM_SET_COUNTER(&htim2, 0);
 795              		.loc 1 132 5 is_stmt 1 view .LVU236
 796 004a 1E4C     		ldr	r4, .L49+12
 797 004c 2046     		mov	r0, r4
 798 004e FFF7FEFF 		bl	HAL_TIM_Base_Stop
 799              	.LVL46:
ARM GAS  C:\Users\tranm\AppData\Local\Temp\ccA9tvM1.s 			page 28


 133:Core/Src/main.c **** 
 800              		.loc 1 133 5 view .LVU237
 801 0052 2368     		ldr	r3, [r4]
 802 0054 0022     		movs	r2, #0
 803 0056 5A62     		str	r2, [r3, #36]
 135:Core/Src/main.c ****     
 804              		.loc 1 135 5 view .LVU238
 805 0058 0122     		movs	r2, #1
 806 005a 1146     		mov	r1, r2
 807 005c 1648     		ldr	r0, .L49
 808 005e FFF7FEFF 		bl	HAL_GPIO_WritePin
 809              	.LVL47:
 138:Core/Src/main.c ****     while(!(__HAL_TIM_GET_COUNTER(&htim2) == TEN_MICROSECONDS)){} 
 810              		.loc 1 138 5 view .LVU239
 811 0062 2046     		mov	r0, r4
 812 0064 FFF7FEFF 		bl	HAL_TIM_Base_Start
 813              	.LVL48:
 139:Core/Src/main.c ****     HAL_TIM_Base_Stop(&htim2);
 814              		.loc 1 139 5 view .LVU240
 815              	.L45:
 139:Core/Src/main.c ****     HAL_TIM_Base_Stop(&htim2);
 816              		.loc 1 139 65 discriminator 1 view .LVU241
 139:Core/Src/main.c ****     HAL_TIM_Base_Stop(&htim2);
 817              		.loc 1 139 11 discriminator 1 view .LVU242
 139:Core/Src/main.c ****     HAL_TIM_Base_Stop(&htim2);
 818              		.loc 1 139 13 is_stmt 0 discriminator 1 view .LVU243
 819 0068 164B     		ldr	r3, .L49+12
 820 006a 1B68     		ldr	r3, [r3]
 821 006c 5A6A     		ldr	r2, [r3, #36]
 139:Core/Src/main.c ****     HAL_TIM_Base_Stop(&htim2);
 822              		.loc 1 139 11 discriminator 1 view .LVU244
 823 006e 40F2A363 		movw	r3, #1699
 824 0072 9A42     		cmp	r2, r3
 825 0074 F8D1     		bne	.L45
 140:Core/Src/main.c ****     __HAL_TIM_SET_COUNTER(&htim2, 0); 
 826              		.loc 1 140 5 is_stmt 1 view .LVU245
 827 0076 134C     		ldr	r4, .L49+12
 828 0078 2046     		mov	r0, r4
 829 007a FFF7FEFF 		bl	HAL_TIM_Base_Stop
 830              	.LVL49:
 141:Core/Src/main.c **** 
 831              		.loc 1 141 5 view .LVU246
 832 007e 2368     		ldr	r3, [r4]
 833 0080 0022     		movs	r2, #0
 834 0082 5A62     		str	r2, [r3, #36]
 143:Core/Src/main.c **** 
 835              		.loc 1 143 5 view .LVU247
 836 0084 0121     		movs	r1, #1
 837 0086 0C48     		ldr	r0, .L49
 838 0088 FFF7FEFF 		bl	HAL_GPIO_WritePin
 839              	.LVL50:
 146:Core/Src/main.c **** 
 840              		.loc 1 146 5 view .LVU248
 841              	.L46:
 146:Core/Src/main.c **** 
 842              		.loc 1 146 24 discriminator 1 view .LVU249
 146:Core/Src/main.c **** 
ARM GAS  C:\Users\tranm\AppData\Local\Temp\ccA9tvM1.s 			page 29


 843              		.loc 1 146 11 discriminator 1 view .LVU250
 844 008c 0B4B     		ldr	r3, .L49+4
 845 008e 1B78     		ldrb	r3, [r3]	@ zero_extendqisi2
 846 0090 002B     		cmp	r3, #0
 847 0092 FBD0     		beq	.L46
 146:Core/Src/main.c **** 
 848              		.loc 1 146 25 discriminator 2 view .LVU251
 148:Core/Src/main.c **** 
 849              		.loc 1 148 5 discriminator 2 view .LVU252
 850 0094 0A4B     		ldr	r3, .L49+8
 851 0096 1A78     		ldrb	r2, [r3]	@ zero_extendqisi2
 852 0098 0B4C     		ldr	r4, .L49+16
 853 009a 0C49     		ldr	r1, .L49+20
 854 009c 2046     		mov	r0, r4
 855 009e FFF7FEFF 		bl	sprintf
 856              	.LVL51:
 150:Core/Src/main.c ****     //HAL_UART_Transmit(&hlpuart1, "cm\r\n", sizeof("cm\r\n"), HAL_MAX_DELAY); 
 857              		.loc 1 150 5 discriminator 2 view .LVU253
 150:Core/Src/main.c ****     //HAL_UART_Transmit(&hlpuart1, "cm\r\n", sizeof("cm\r\n"), HAL_MAX_DELAY); 
 858              		.loc 1 150 39 is_stmt 0 discriminator 2 view .LVU254
 859 00a2 2046     		mov	r0, r4
 860 00a4 FFF7FEFF 		bl	strlen
 861              	.LVL52:
 150:Core/Src/main.c ****     //HAL_UART_Transmit(&hlpuart1, "cm\r\n", sizeof("cm\r\n"), HAL_MAX_DELAY); 
 862              		.loc 1 150 5 discriminator 2 view .LVU255
 863 00a8 4FF0FF33 		mov	r3, #-1
 864 00ac 82B2     		uxth	r2, r0
 865 00ae 2146     		mov	r1, r4
 866 00b0 0748     		ldr	r0, .L49+24
 867 00b2 FFF7FEFF 		bl	HAL_UART_Transmit
 868              	.LVL53:
 124:Core/Src/main.c ****   { 
 869              		.loc 1 124 9 is_stmt 1 discriminator 2 view .LVU256
 126:Core/Src/main.c ****     distance = 0;
 870              		.loc 1 126 16 is_stmt 0 discriminator 2 view .LVU257
 871 00b6 B9E7     		b	.L47
 872              	.L50:
 873              		.align	2
 874              	.L49:
 875 00b8 00080048 		.word	1207961600
 876 00bc 00000000 		.word	.LANCHOR5
 877 00c0 00000000 		.word	.LANCHOR4
 878 00c4 00000000 		.word	.LANCHOR1
 879 00c8 00000000 		.word	.LANCHOR7
 880 00cc 00000000 		.word	.LC0
 881 00d0 00000000 		.word	.LANCHOR6
 882              		.cfi_endproc
 883              	.LFE135:
 885              		.global	edgeFlag
 886              		.global	msg
 887              		.global	tempLowEdge
 888              		.global	tempRiseEdge
 889              		.global	distance
 890              		.global	sensorFlag
 891              		.global	htim2
 892              		.global	hlpuart1
 893              		.section	.bss.distance,"aw",%nobits
ARM GAS  C:\Users\tranm\AppData\Local\Temp\ccA9tvM1.s 			page 30


 894              		.set	.LANCHOR4,. + 0
 897              	distance:
 898 0000 00       		.space	1
 899              		.section	.bss.edgeFlag,"aw",%nobits
 900              		.set	.LANCHOR0,. + 0
 903              	edgeFlag:
 904 0000 00       		.space	1
 905              		.section	.bss.hlpuart1,"aw",%nobits
 906              		.align	2
 907              		.set	.LANCHOR6,. + 0
 910              	hlpuart1:
 911 0000 00000000 		.space	144
 911      00000000 
 911      00000000 
 911      00000000 
 911      00000000 
 912              		.section	.bss.htim2,"aw",%nobits
 913              		.align	2
 914              		.set	.LANCHOR1,. + 0
 917              	htim2:
 918 0000 00000000 		.space	76
 918      00000000 
 918      00000000 
 918      00000000 
 918      00000000 
 919              		.section	.bss.msg,"aw",%nobits
 920              		.align	2
 921              		.set	.LANCHOR7,. + 0
 924              	msg:
 925 0000 00000000 		.space	10
 925      00000000 
 925      0000
 926              		.section	.bss.sensorFlag,"aw",%nobits
 927              		.set	.LANCHOR5,. + 0
 930              	sensorFlag:
 931 0000 00       		.space	1
 932              		.section	.bss.tempLowEdge,"aw",%nobits
 933              		.align	2
 934              		.set	.LANCHOR3,. + 0
 937              	tempLowEdge:
 938 0000 00000000 		.space	4
 939              		.section	.bss.tempRiseEdge,"aw",%nobits
 940              		.align	2
 941              		.set	.LANCHOR2,. + 0
 944              	tempRiseEdge:
 945 0000 00000000 		.space	4
 946              		.text
 947              	.Letext0:
 948              		.file 3 "Drivers/CMSIS/Device/ST/STM32G4xx/Include/stm32g431xx.h"
 949              		.file 4 "c:\\users\\tranm\\appdata\\roaming\\code\\user\\globalstorage\\bmd.stm32-for-vscode\\@xpa
 950              		.file 5 "c:\\users\\tranm\\appdata\\roaming\\code\\user\\globalstorage\\bmd.stm32-for-vscode\\@xpa
 951              		.file 6 "Drivers/CMSIS/Device/ST/STM32G4xx/Include/stm32g4xx.h"
 952              		.file 7 "c:\\users\\tranm\\appdata\\roaming\\code\\user\\globalstorage\\bmd.stm32-for-vscode\\@xpa
 953              		.file 8 "Drivers/STM32G4xx_HAL_Driver/Inc/stm32g4xx_hal_def.h"
 954              		.file 9 "Drivers/STM32G4xx_HAL_Driver/Inc/stm32g4xx_hal_rcc.h"
 955              		.file 10 "Drivers/STM32G4xx_HAL_Driver/Inc/stm32g4xx_hal_gpio.h"
 956              		.file 11 "Drivers/STM32G4xx_HAL_Driver/Inc/stm32g4xx_hal_dma.h"
ARM GAS  C:\Users\tranm\AppData\Local\Temp\ccA9tvM1.s 			page 31


 957              		.file 12 "Drivers/STM32G4xx_HAL_Driver/Inc/stm32g4xx_hal_tim.h"
 958              		.file 13 "Drivers/STM32G4xx_HAL_Driver/Inc/stm32g4xx_hal_uart.h"
 959              		.file 14 "Drivers/STM32G4xx_HAL_Driver/Inc/stm32g4xx_hal_pwr_ex.h"
 960              		.file 15 "Drivers/STM32G4xx_HAL_Driver/Inc/stm32g4xx_hal_tim_ex.h"
 961              		.file 16 "Drivers/STM32G4xx_HAL_Driver/Inc/stm32g4xx_hal_uart_ex.h"
 962              		.file 17 "Drivers/STM32G4xx_HAL_Driver/Inc/stm32g4xx_hal_cortex.h"
 963              		.file 18 "c:\\users\\tranm\\appdata\\roaming\\code\\user\\globalstorage\\bmd.stm32-for-vscode\\@xp
 964              		.file 19 "c:\\users\\tranm\\appdata\\roaming\\code\\user\\globalstorage\\bmd.stm32-for-vscode\\@xp
 965              		.file 20 "Drivers/STM32G4xx_HAL_Driver/Inc/stm32g4xx_hal.h"
 966              		.file 21 "<built-in>"
ARM GAS  C:\Users\tranm\AppData\Local\Temp\ccA9tvM1.s 			page 32


DEFINED SYMBOLS
                            *ABS*:0000000000000000 main.c
C:\Users\tranm\AppData\Local\Temp\ccA9tvM1.s:20     .text.MX_GPIO_Init:0000000000000000 $t
C:\Users\tranm\AppData\Local\Temp\ccA9tvM1.s:25     .text.MX_GPIO_Init:0000000000000000 MX_GPIO_Init
C:\Users\tranm\AppData\Local\Temp\ccA9tvM1.s:183    .text.MX_GPIO_Init:00000000000000b8 $d
C:\Users\tranm\AppData\Local\Temp\ccA9tvM1.s:192    .text.HAL_GPIO_EXTI_Callback:0000000000000000 $t
C:\Users\tranm\AppData\Local\Temp\ccA9tvM1.s:198    .text.HAL_GPIO_EXTI_Callback:0000000000000000 HAL_GPIO_EXTI_Callback
C:\Users\tranm\AppData\Local\Temp\ccA9tvM1.s:329    .text.HAL_GPIO_EXTI_Callback:00000000000000a0 $d
C:\Users\tranm\AppData\Local\Temp\ccA9tvM1.s:344    .text.Error_Handler:0000000000000000 $t
C:\Users\tranm\AppData\Local\Temp\ccA9tvM1.s:350    .text.Error_Handler:0000000000000000 Error_Handler
C:\Users\tranm\AppData\Local\Temp\ccA9tvM1.s:382    .text.MX_LPUART1_UART_Init:0000000000000000 $t
C:\Users\tranm\AppData\Local\Temp\ccA9tvM1.s:387    .text.MX_LPUART1_UART_Init:0000000000000000 MX_LPUART1_UART_Init
C:\Users\tranm\AppData\Local\Temp\ccA9tvM1.s:482    .text.MX_LPUART1_UART_Init:0000000000000058 $d
C:\Users\tranm\AppData\Local\Temp\ccA9tvM1.s:488    .text.MX_TIM2_Init:0000000000000000 $t
C:\Users\tranm\AppData\Local\Temp\ccA9tvM1.s:493    .text.MX_TIM2_Init:0000000000000000 MX_TIM2_Init
C:\Users\tranm\AppData\Local\Temp\ccA9tvM1.s:592    .text.MX_TIM2_Init:0000000000000060 $d
C:\Users\tranm\AppData\Local\Temp\ccA9tvM1.s:598    .text.SystemClock_Config:0000000000000000 $t
C:\Users\tranm\AppData\Local\Temp\ccA9tvM1.s:604    .text.SystemClock_Config:0000000000000000 SystemClock_Config
C:\Users\tranm\AppData\Local\Temp\ccA9tvM1.s:720    .rodata.main.str1.4:0000000000000000 $d
C:\Users\tranm\AppData\Local\Temp\ccA9tvM1.s:724    .text.main:0000000000000000 $t
C:\Users\tranm\AppData\Local\Temp\ccA9tvM1.s:730    .text.main:0000000000000000 main
C:\Users\tranm\AppData\Local\Temp\ccA9tvM1.s:875    .text.main:00000000000000b8 $d
C:\Users\tranm\AppData\Local\Temp\ccA9tvM1.s:903    .bss.edgeFlag:0000000000000000 edgeFlag
C:\Users\tranm\AppData\Local\Temp\ccA9tvM1.s:924    .bss.msg:0000000000000000 msg
C:\Users\tranm\AppData\Local\Temp\ccA9tvM1.s:937    .bss.tempLowEdge:0000000000000000 tempLowEdge
C:\Users\tranm\AppData\Local\Temp\ccA9tvM1.s:944    .bss.tempRiseEdge:0000000000000000 tempRiseEdge
C:\Users\tranm\AppData\Local\Temp\ccA9tvM1.s:897    .bss.distance:0000000000000000 distance
C:\Users\tranm\AppData\Local\Temp\ccA9tvM1.s:930    .bss.sensorFlag:0000000000000000 sensorFlag
C:\Users\tranm\AppData\Local\Temp\ccA9tvM1.s:917    .bss.htim2:0000000000000000 htim2
C:\Users\tranm\AppData\Local\Temp\ccA9tvM1.s:910    .bss.hlpuart1:0000000000000000 hlpuart1
C:\Users\tranm\AppData\Local\Temp\ccA9tvM1.s:898    .bss.distance:0000000000000000 $d
C:\Users\tranm\AppData\Local\Temp\ccA9tvM1.s:904    .bss.edgeFlag:0000000000000000 $d
C:\Users\tranm\AppData\Local\Temp\ccA9tvM1.s:906    .bss.hlpuart1:0000000000000000 $d
C:\Users\tranm\AppData\Local\Temp\ccA9tvM1.s:913    .bss.htim2:0000000000000000 $d
C:\Users\tranm\AppData\Local\Temp\ccA9tvM1.s:920    .bss.msg:0000000000000000 $d
C:\Users\tranm\AppData\Local\Temp\ccA9tvM1.s:931    .bss.sensorFlag:0000000000000000 $d
C:\Users\tranm\AppData\Local\Temp\ccA9tvM1.s:933    .bss.tempLowEdge:0000000000000000 $d
C:\Users\tranm\AppData\Local\Temp\ccA9tvM1.s:940    .bss.tempRiseEdge:0000000000000000 $d

UNDEFINED SYMBOLS
HAL_GPIO_WritePin
HAL_GPIO_Init
HAL_NVIC_SetPriority
HAL_NVIC_EnableIRQ
__aeabi_ui2d
__aeabi_dmul
__aeabi_d2uiz
HAL_GPIO_ReadPin
HAL_TIM_Base_Start
HAL_TIM_Base_Stop
HAL_UART_Init
HAL_UARTEx_SetTxFifoThreshold
HAL_UARTEx_SetRxFifoThreshold
HAL_UARTEx_DisableFifoMode
HAL_TIM_Base_Init
HAL_TIM_ConfigClockSource
HAL_TIMEx_MasterConfigSynchronization
ARM GAS  C:\Users\tranm\AppData\Local\Temp\ccA9tvM1.s 			page 33


memset
HAL_PWREx_ControlVoltageScaling
HAL_RCC_OscConfig
HAL_RCC_ClockConfig
HAL_Init
sprintf
strlen
HAL_UART_Transmit
